SUMMARY OF C0NVERGENCE INFORMATION
  STEP   INC  ATT   ITER     CONT.   RESID.        CORR.      RESID.      CORR.
                              EL.    FORCE         DISP       FLUX        TEMP.
                              (#)     (%)           (%)        (%)         (%)
     1     1     1     1        0  0.0000E+00  0.1000E+03  0.0000E+00  0.0000E+00
     1     1     1     2        0  0.0000E+00  0.8472E-09  0.0000E+00  0.0000E+00
     1     1     2     1        0  0.0000E+00  0.1000E+03  0.0000E+00  0.0000E+00
     1     1     2     2        0  0.0000E+00  0.8426E-09  0.0000E+00  0.0000E+00
     1     1     2     1        0  0.0000E+00  0.1000E+03  0.0000E+00  0.0000E+00
     1     1     2     2        0  0.0000E+00  0.8220E-09  0.0000E+00  0.0000E+00
     1     1     2     1        0  0.0000E+00  0.1000E+03  0.0000E+00  0.0000E+00
     1     1     2     2        0  0.0000E+00  0.8098E-09  0.0000E+00  0.0000E+00
     1     1     2     1        0  0.0000E+00  0.1000E+03  0.0000E+00  0.0000E+00
     1     1     2     2        0  0.0000E+00  0.8546E-09  0.0000E+00  0.0000E+00
     1     2     1     1        0  0.0000E+00  0.4120E+02  0.0000E+00  0.0000E+00
     1     2     1     2        0  0.0000E+00  0.3194E-09  0.0000E+00  0.0000E+00
     1     2     2     1        0  0.0000E+00  0.4237E+02  0.0000E+00  0.0000E+00
     1     2     2     2        0  0.0000E+00  0.3524E-09  0.0000E+00  0.0000E+00
     1     2     2     1        0  0.0000E+00  0.4237E+02  0.0000E+00  0.0000E+00
     1     2     2     2        0  0.0000E+00  0.3703E-09  0.0000E+00  0.0000E+00
     1     3     1     1        0  0.0000E+00  0.2019E+02  0.0000E+00  0.0000E+00
     1     3     1     2        0  0.0000E+00  0.1607E-09  0.0000E+00  0.0000E+00
     1     3     2     1        0  0.0000E+00  0.2067E+02  0.0000E+00  0.0000E+00
     1     3     2     2        0  0.0000E+00  0.1592E-09  0.0000E+00  0.0000E+00
     1     3     2     1        0  0.0000E+00  0.2067E+02  0.0000E+00  0.0000E+00
     1     3     2     2        0  0.0000E+00  0.1749E-09  0.0000E+00  0.0000E+00
     1     4     1     1        0  0.0000E+00  0.1058E+02  0.0000E+00  0.0000E+00
     1     4     1     2        0  0.0000E+00  0.7995E-10  0.0000E+00  0.0000E+00
     1     4     2     1        0  0.0000E+00  0.1086E+02  0.0000E+00  0.0000E+00
     1     4     2     2        0  0.0000E+00  0.1001E-09  0.0000E+00  0.0000E+00
     1     4     2     1        0  0.0000E+00  0.1086E+02  0.0000E+00  0.0000E+00
     1     4     2     2        0  0.0000E+00  0.1044E-09  0.0000E+00  0.0000E+00
     1     5     1     1        0  0.0000E+00  0.4830E+01  0.0000E+00  0.0000E+00
     1     5     1     2        0  0.0000E+00  0.3808E-10  0.0000E+00  0.0000E+00
     1     5     2     1        0  0.0000E+00  0.5027E+01  0.0000E+00  0.0000E+00
     1     5     2     2        0  0.0000E+00  0.4378E-10  0.0000E+00  0.0000E+00
     1     5     2     1        0  0.0000E+00  0.5028E+01  0.0000E+00  0.0000E+00
     1     5     2     2        0  0.0000E+00  0.4489E-10  0.0000E+00  0.0000E+00
     1     6     1     1        0  0.0000E+00  0.2351E+01  0.0000E+00  0.0000E+00
     1     6     1     2        0  0.0000E+00  0.8770E-11  0.0000E+00  0.0000E+00
     1     6     2     1        0  0.0000E+00  0.2478E+01  0.0000E+00  0.0000E+00
     1     6     2     2        0  0.0000E+00  0.1935E-10  0.0000E+00  0.0000E+00
     1     6     2     1        0  0.0000E+00  0.2478E+01  0.0000E+00  0.0000E+00
     1     6     2     2        0  0.0000E+00  0.3992E-10  0.0000E+00  0.0000E+00
     1     7     1     1        0  0.0000E+00  0.1434E+01  0.0000E+00  0.0000E+00
     1     7     1     2        0  0.0000E+00  0.9588E-11  0.0000E+00  0.0000E+00
     1     7     2     1        0  0.0000E+00  0.1574E+01  0.0000E+00  0.0000E+00
     1     7     2     2        0  0.0000E+00  0.1374E-10  0.0000E+00  0.0000E+00
     1     7     2     1        0  0.0000E+00  0.1574E+01  0.0000E+00  0.0000E+00
     1     7     2     2        0  0.0000E+00  0.1544E-10  0.0000E+00  0.0000E+00
     1     8     1     1        0  0.0000E+00  0.1082E+01  0.0000E+00  0.0000E+00
     1     8     1     2        0  0.0000E+00  0.1980E-10  0.0000E+00  0.0000E+00
     1     8     2     1        0  0.0000E+00  0.1224E+01  0.0000E+00  0.0000E+00
     1     8     2     2        0  0.0000E+00  0.3507E-10  0.0000E+00  0.0000E+00
     1     8     2     1        0  0.0000E+00  0.1224E+01  0.0000E+00  0.0000E+00
     1     8     2     2        0  0.0000E+00  0.3143E-10  0.0000E+00  0.0000E+00
     1     9     1     1        0  0.0000E+00  0.9553E+00  0.0000E+00  0.0000E+00
     1     9     1     2        0  0.0000E+00  0.2075E-10  0.0000E+00  0.0000E+00
     1     9     2     1        0  0.0000E+00  0.1091E+01  0.0000E+00  0.0000E+00
     1     9     2     2        0  0.0000E+00  0.1717E-10  0.0000E+00  0.0000E+00
     1     9     2     1        0  0.0000E+00  0.1091E+01  0.0000E+00  0.0000E+00
     1     9     2     2        0  0.0000E+00  0.2337E-10  0.0000E+00  0.0000E+00
     1    10     1     1        0  0.0000E+00  0.7989E+00  0.0000E+00  0.0000E+00
     1    10     1     2        0  0.0000E+00  0.1458E-10  0.0000E+00  0.0000E+00
     1    10     2     1        0  0.0000E+00  0.7294E+00  0.0000E+00  0.0000E+00
     1    10     2     2        0  0.0000E+00  0.1940E-10  0.0000E+00  0.0000E+00
     1    10     2     1        0  0.0000E+00  0.7294E+00  0.0000E+00  0.0000E+00
     1    10     2     2        0  0.0000E+00  0.6637E-11  0.0000E+00  0.0000E+00
     1    11     1     1        0  0.0000E+00  0.1884E+01  0.0000E+00  0.0000E+00
     1    11     1     2        0  0.0000E+00  0.1362E-10  0.0000E+00  0.0000E+00
     1    11     2     1        0  0.0000E+00  0.1754E+01  0.0000E+00  0.0000E+00
     1    11     2     2        0  0.0000E+00  0.2500E-10  0.0000E+00  0.0000E+00
     1    11     2     1        0  0.0000E+00  0.1754E+01  0.0000E+00  0.0000E+00
     1    11     2     2        0  0.0000E+00  0.1285E-10  0.0000E+00  0.0000E+00
     1    12     1     1        0  0.0000E+00  0.3352E+01  0.0000E+00  0.0000E+00
     1    12     1     2        0  0.0000E+00  0.3565E-10  0.0000E+00  0.0000E+00
     1    12     2     1        0  0.0000E+00  0.3214E+01  0.0000E+00  0.0000E+00
     1    12     2     2        0  0.0000E+00  0.3178E-10  0.0000E+00  0.0000E+00
     1    12     2     1        0  0.0000E+00  0.3214E+01  0.0000E+00  0.0000E+00
     1    12     2     2        0  0.0000E+00  0.1992E-10  0.0000E+00  0.0000E+00
     1    13     1     1        0  0.0000E+00  0.4149E+01  0.0000E+00  0.0000E+00
     1    13     1     2        0  0.0000E+00  0.5595E-10  0.0000E+00  0.0000E+00
     1    13     2     1        0  0.0000E+00  0.3995E+01  0.0000E+00  0.0000E+00
     1    13     2     2        0  0.0000E+00  0.3948E-10  0.0000E+00  0.0000E+00
     1    13     2     1        0  0.0000E+00  0.3995E+01  0.0000E+00  0.0000E+00
     1    13     2     2        0  0.0000E+00  0.3213E-10  0.0000E+00  0.0000E+00
     1    14     1     1        0  0.0000E+00  0.4661E+01  0.0000E+00  0.0000E+00
     1    14     1     2        0  0.0000E+00  0.2630E-10  0.0000E+00  0.0000E+00
     1    14     2     1        0  0.0000E+00  0.4481E+01  0.0000E+00  0.0000E+00
     1    14     2     2        0  0.0000E+00  0.4549E-10  0.0000E+00  0.0000E+00
     1    14     2     1        0  0.0000E+00  0.4481E+01  0.0000E+00  0.0000E+00
     1    14     2     2        0  0.0000E+00  0.3674E-10  0.0000E+00  0.0000E+00
     1    15     1     1        0  0.0000E+00  0.5443E+01  0.0000E+00  0.0000E+00
     1    15     1     2        0  0.0000E+00  0.4837E-10  0.0000E+00  0.0000E+00
     1    15     2     1        0  0.0000E+00  0.5228E+01  0.0000E+00  0.0000E+00
     1    15     2     2        0  0.0000E+00  0.7754E-10  0.0000E+00  0.0000E+00
     1    15     2     1        0  0.0000E+00  0.5228E+01  0.0000E+00  0.0000E+00
     1    15     2     2        0  0.0000E+00  0.6461E-10  0.0000E+00  0.0000E+00
     1    16     1     1        0  0.0000E+00  0.7615E+01  0.0000E+00  0.0000E+00
     1    16     1     2        0  0.0000E+00  0.6910E-10  0.0000E+00  0.0000E+00
     1    16     2     1        0  0.0000E+00  0.7349E+01  0.0000E+00  0.0000E+00
     1    16     2     2        0  0.0000E+00  0.6619E-10  0.0000E+00  0.0000E+00
     1    16     2     1        0  0.0000E+00  0.7349E+01  0.0000E+00  0.0000E+00
     1    16     2     2        0  0.0000E+00  0.5395E-10  0.0000E+00  0.0000E+00
     1    17     1     1        0  0.0000E+00  0.1259E+02  0.0000E+00  0.0000E+00
     1    17     1     2        0  0.0000E+00  0.8218E-10  0.0000E+00  0.0000E+00
     1    17     2     1        0  0.0000E+00  0.1223E+02  0.0000E+00  0.0000E+00
     1    17     2     2        0  0.0000E+00  0.7315E-10  0.0000E+00  0.0000E+00
     1    17     2     1        0  0.0000E+00  0.1223E+02  0.0000E+00  0.0000E+00
     1    17     2     2        0  0.0000E+00  0.8716E-10  0.0000E+00  0.0000E+00
     1    18     1     1        0  0.0000E+00  0.2365E+02  0.0000E+00  0.0000E+00
     1    18     1     2        0  0.0000E+00  0.1800E-09  0.0000E+00  0.0000E+00
     1    18     2     1        0  0.0000E+00  0.2302E+02  0.0000E+00  0.0000E+00
     1    18     2     2        0  0.0000E+00  0.1706E-09  0.0000E+00  0.0000E+00
     1    18     2     1        0  0.0000E+00  0.2302E+02  0.0000E+00  0.0000E+00
     1    18     2     2        0  0.0000E+00  0.1847E-09  0.0000E+00  0.0000E+00
     1    19     1     1        0  0.0000E+00  0.1000E+03  0.0000E+00  0.0000E+00
     1    19     1     2        0  0.0000E+00  0.8206E-09  0.0000E+00  0.0000E+00
     1    20     1     1        0  0.0000E+00  0.2753E+02  0.0000E+00  0.0000E+00
     1    20     1     2        0  0.0000E+00  0.2155E-09  0.0000E+00  0.0000E+00
     1    20     2     1        0  0.0000E+00  0.2648E+02  0.0000E+00  0.0000E+00
     1    20     2     2        0  0.0000E+00  0.2235E-09  0.0000E+00  0.0000E+00
     1    20     2     1        0  0.0000E+00  0.2648E+02  0.0000E+00  0.0000E+00
     1    20     2     2        0  0.0000E+00  0.2442E-09  0.0000E+00  0.0000E+00
     1    21     1     1        0  0.0000E+00  0.1045E+02  0.0000E+00  0.0000E+00
     1    21     1     2        0  0.0000E+00  0.9305E-10  0.0000E+00  0.0000E+00
     1    21     2     1        0  0.0000E+00  0.9934E+01  0.0000E+00  0.0000E+00
     1    21     2     2        0  0.0000E+00  0.9777E-10  0.0000E+00  0.0000E+00
     1    21     2     1        0  0.0000E+00  0.9934E+01  0.0000E+00  0.0000E+00
     1    21     2     2        0  0.0000E+00  0.1053E-09  0.0000E+00  0.0000E+00
     1    22     1     1        0  0.0000E+00  0.6508E+01  0.0000E+00  0.0000E+00
     1    22     1     2        0  0.0000E+00  0.7899E-10  0.0000E+00  0.0000E+00
     1    22     2     1        0  0.0000E+00  0.6139E+01  0.0000E+00  0.0000E+00
     1    22     2     2        0  0.0000E+00  0.3368E-10  0.0000E+00  0.0000E+00
     1    22     2     1        0  0.0000E+00  0.6139E+01  0.0000E+00  0.0000E+00
     1    22     2     2        0  0.0000E+00  0.4914E-10  0.0000E+00  0.0000E+00
     1    23     1     1        0  0.0000E+00  0.5102E+01  0.0000E+00  0.0000E+00
     1    23     1     2        0  0.0000E+00  0.4591E-10  0.0000E+00  0.0000E+00
     1    23     2     1        0  0.0000E+00  0.4802E+01  0.0000E+00  0.0000E+00
     1    23     2     2        0  0.0000E+00  0.5361E-10  0.0000E+00  0.0000E+00
     1    23     2     1        0  0.0000E+00  0.4802E+01  0.0000E+00  0.0000E+00
     1    23     2     2        0  0.0000E+00  0.7124E-10  0.0000E+00  0.0000E+00
     1    24     1     1        0  0.0000E+00  0.3474E+01  0.0000E+00  0.0000E+00
     1    24     1     2        0  0.0000E+00  0.1142E-10  0.0000E+00  0.0000E+00
     1    24     2     1        0  0.0000E+00  0.3219E+01  0.0000E+00  0.0000E+00
     1    24     2     2        0  0.0000E+00  0.4265E-10  0.0000E+00  0.0000E+00
     1    24     2     1        0  0.0000E+00  0.3219E+01  0.0000E+00  0.0000E+00
     1    24     2     2        0  0.0000E+00  0.2185E-10  0.0000E+00  0.0000E+00
     1    25     1     1        0  0.0000E+00  0.1230E+01  0.0000E+00  0.0000E+00
     1    25     1     2        0  0.0000E+00  0.1372E-10  0.0000E+00  0.0000E+00
     1    25     2     1        0  0.0000E+00  0.1004E+01  0.0000E+00  0.0000E+00
     1    25     2     2        0  0.0000E+00  0.1533E-10  0.0000E+00  0.0000E+00
     1    25     2     1        0  0.0000E+00  0.1004E+01  0.0000E+00  0.0000E+00
     1    25     2     2        0  0.0000E+00  0.2362E-10  0.0000E+00  0.0000E+00
     1    26     1     1        0  0.0000E+00  0.9277E+00  0.0000E+00  0.0000E+00
     1    26     1     2        0  0.0000E+00  0.2603E-10  0.0000E+00  0.0000E+00
     1    26     2     1        0  0.0000E+00  0.1141E+01  0.0000E+00  0.0000E+00
     1    26     2     2        0  0.0000E+00  0.2738E-10  0.0000E+00  0.0000E+00
     1    26     2     1        0  0.0000E+00  0.1141E+01  0.0000E+00  0.0000E+00
     1    26     2     2        0  0.0000E+00  0.4159E-10  0.0000E+00  0.0000E+00
     1    27     1     1        0  0.0000E+00  0.2491E+01  0.0000E+00  0.0000E+00
     1    27     1     2        0  0.0000E+00  0.1259E-10  0.0000E+00  0.0000E+00
     1    27     2     1        0  0.0000E+00  0.2709E+01  0.0000E+00  0.0000E+00
     1    27     2     2        0  0.0000E+00  0.1674E-10  0.0000E+00  0.0000E+00
     1    27     2     1        0  0.0000E+00  0.2709E+01  0.0000E+00  0.0000E+00
     1    27     2     2        0  0.0000E+00  0.1230E-10  0.0000E+00  0.0000E+00
     1    28     1     1        0  0.0000E+00  0.3470E+01  0.0000E+00  0.0000E+00
     1    28     1     2        0  0.0000E+00  0.2685E-10  0.0000E+00  0.0000E+00
     1    28     2     1        0  0.0000E+00  0.3708E+01  0.0000E+00  0.0000E+00
     1    28     2     2        0  0.0000E+00  0.1987E-10  0.0000E+00  0.0000E+00
     1    28     2     1        0  0.0000E+00  0.3708E+01  0.0000E+00  0.0000E+00
     1    28     2     2        0  0.0000E+00  0.3514E-10  0.0000E+00  0.0000E+00
     1    29     1     1        0  0.0000E+00  0.4255E+01  0.0000E+00  0.0000E+00
     1    29     1     2        0  0.0000E+00  0.3238E-10  0.0000E+00  0.0000E+00
     1    29     2     1        0  0.0000E+00  0.4527E+01  0.0000E+00  0.0000E+00
     1    29     2     2        0  0.0000E+00  0.1684E-10  0.0000E+00  0.0000E+00
     1    29     2     1        0  0.0000E+00  0.4527E+01  0.0000E+00  0.0000E+00
     1    29     2     2        0  0.0000E+00  0.1515E-10  0.0000E+00  0.0000E+00
     1    30     1     1        0  0.0000E+00  0.5874E+01  0.0000E+00  0.0000E+00
     1    30     1     2        0  0.0000E+00  0.4629E-10  0.0000E+00  0.0000E+00
     1    30     2     1        0  0.0000E+00  0.6199E+01  0.0000E+00  0.0000E+00
     1    30     2     2        0  0.0000E+00  0.4272E-10  0.0000E+00  0.0000E+00
     1    30     2     1        0  0.0000E+00  0.6199E+01  0.0000E+00  0.0000E+00
     1    30     2     2        0  0.0000E+00  0.3514E-10  0.0000E+00  0.0000E+00
     1    31     1     1        0  0.0000E+00  0.9702E+01  0.0000E+00  0.0000E+00
     1    31     1     2        0  0.0000E+00  0.6720E-10  0.0000E+00  0.0000E+00
     1    31     2     1        0  0.0000E+00  0.1012E+02  0.0000E+00  0.0000E+00
     1    31     2     2        0  0.0000E+00  0.7285E-10  0.0000E+00  0.0000E+00
     1    31     2     1        0  0.0000E+00  0.1012E+02  0.0000E+00  0.0000E+00
     1    31     2     2        0  0.0000E+00  0.6886E-10  0.0000E+00  0.0000E+00
     1    32     1     1        0  0.0000E+00  0.1825E+02  0.0000E+00  0.0000E+00
     1    32     1     2        0  0.0000E+00  0.1513E-09  0.0000E+00  0.0000E+00
     1    32     2     1        0  0.0000E+00  0.1888E+02  0.0000E+00  0.0000E+00
     1    32     2     2        0  0.0000E+00  0.1415E-09  0.0000E+00  0.0000E+00
     1    32     2     1        0  0.0000E+00  0.1888E+02  0.0000E+00  0.0000E+00
     1    32     2     2        0  0.0000E+00  0.1435E-09  0.0000E+00  0.0000E+00
     1    33     1     1        0  0.0000E+00  0.5646E+02  0.0000E+00  0.0000E+00
     1    33     1     2        0  0.0000E+00  0.4601E-09  0.0000E+00  0.0000E+00
     1    33     2     1        0  0.0000E+00  0.5832E+02  0.0000E+00  0.0000E+00
     1    33     2     2        0  0.0000E+00  0.4710E-09  0.0000E+00  0.0000E+00
     1    33     2     1        0  0.0000E+00  0.5832E+02  0.0000E+00  0.0000E+00
     1    33     2     2        0  0.0000E+00  0.4679E-09  0.0000E+00  0.0000E+00
     1    34     1     1        0  0.0000E+00  0.4784E+02  0.0000E+00  0.0000E+00
     1    34     1     2        0  0.0000E+00  0.3640E-09  0.0000E+00  0.0000E+00
     1    34     2     1        0  0.0000E+00  0.4954E+02  0.0000E+00  0.0000E+00
     1    34     2     2        0  0.0000E+00  0.3728E-09  0.0000E+00  0.0000E+00
     1    34     2     1        0  0.0000E+00  0.4954E+02  0.0000E+00  0.0000E+00
     1    34     2     2        0  0.0000E+00  0.3544E-09  0.0000E+00  0.0000E+00
     1    35     1     1        0  0.0000E+00  0.1446E+02  0.0000E+00  0.0000E+00
     1    35     1     2        0  0.0000E+00  0.1204E-09  0.0000E+00  0.0000E+00
     1    35     2     1        0  0.0000E+00  0.1506E+02  0.0000E+00  0.0000E+00
     1    35     2     2        0  0.0000E+00  0.1007E-09  0.0000E+00  0.0000E+00
     1    35     2     1        0  0.0000E+00  0.1506E+02  0.0000E+00  0.0000E+00
     1    35     2     2        0  0.0000E+00  0.1200E-09  0.0000E+00  0.0000E+00
     1    36     1     1        0  0.0000E+00  0.8112E+01  0.0000E+00  0.0000E+00
     1    36     1     2        0  0.0000E+00  0.9036E-10  0.0000E+00  0.0000E+00
     1    36     2     1        0  0.0000E+00  0.8496E+01  0.0000E+00  0.0000E+00
     1    36     2     2        0  0.0000E+00  0.7622E-10  0.0000E+00  0.0000E+00
     1    36     2     1        0  0.0000E+00  0.8497E+01  0.0000E+00  0.0000E+00
     1    36     2     2        0  0.0000E+00  0.5909E-10  0.0000E+00  0.0000E+00
     1    37     1     1        0  0.0000E+00  0.5891E+01  0.0000E+00  0.0000E+00
     1    37     1     2        0  0.0000E+00  0.5659E-10  0.0000E+00  0.0000E+00
     1    37     2     1        0  0.0000E+00  0.6184E+01  0.0000E+00  0.0000E+00
     1    37     2     2        0  0.0000E+00  0.6604E-10  0.0000E+00  0.0000E+00
     1    37     2     1        0  0.0000E+00  0.6184E+01  0.0000E+00  0.0000E+00
     1    37     2     2        0  0.0000E+00  0.5526E-10  0.0000E+00  0.0000E+00
     1    38     1     1        0  0.0000E+00  0.4517E+01  0.0000E+00  0.0000E+00
     1    38     1     2        0  0.0000E+00  0.5186E-10  0.0000E+00  0.0000E+00
     1    38     2     1        0  0.0000E+00  0.4756E+01  0.0000E+00  0.0000E+00
     1    38     2     2        0  0.0000E+00  0.6570E-10  0.0000E+00  0.0000E+00
     1    38     2     1        0  0.0000E+00  0.4756E+01  0.0000E+00  0.0000E+00
     1    38     2     2        0  0.0000E+00  0.6112E-10  0.0000E+00  0.0000E+00
     1    39     1     1        0  0.0000E+00  0.3018E+01  0.0000E+00  0.0000E+00
     1    39     1     2        0  0.0000E+00  0.1195E-10  0.0000E+00  0.0000E+00
     1    39     2     1        0  0.0000E+00  0.3221E+01  0.0000E+00  0.0000E+00
     1    39     2     2        0  0.0000E+00  0.2720E-10  0.0000E+00  0.0000E+00
     1    39     2     1        0  0.0000E+00  0.3221E+01  0.0000E+00  0.0000E+00
     1    39     2     2        0  0.0000E+00  0.9866E-11  0.0000E+00  0.0000E+00
     1    40     1     1        0  0.0000E+00  0.1445E+01  0.0000E+00  0.0000E+00
     1    40     1     2        0  0.0000E+00  0.2261E-10  0.0000E+00  0.0000E+00
     1    40     2     1        0  0.0000E+00  0.1627E+01  0.0000E+00  0.0000E+00
     1    40     2     2        0  0.0000E+00  0.2332E-10  0.0000E+00  0.0000E+00
     1    40     2     1        0  0.0000E+00  0.1627E+01  0.0000E+00  0.0000E+00
     1    40     2     2        0  0.0000E+00  0.5406E-11  0.0000E+00  0.0000E+00
     1    41     1     1        0  0.0000E+00  0.3832E+00  0.0000E+00  0.0000E+00
     1    41     1     2        0  0.0000E+00  0.1055E-10  0.0000E+00  0.0000E+00
     1    41     2     1        0  0.0000E+00  0.4739E+00  0.0000E+00  0.0000E+00
     1    41     2     2        0  0.0000E+00  0.5381E-11  0.0000E+00  0.0000E+00
     1    41     2     1        0  0.0000E+00  0.4739E+00  0.0000E+00  0.0000E+00
     1    41     2     2        0  0.0000E+00  0.4548E-11  0.0000E+00  0.0000E+00
     1    42     1     1        0  0.0000E+00  0.7587E+00  0.0000E+00  0.0000E+00
     1    42     1     2        0  0.0000E+00  0.8714E-11  0.0000E+00  0.0000E+00
     1    42     2     1        0  0.0000E+00  0.5916E+00  0.0000E+00  0.0000E+00
     1    42     2     2        0  0.0000E+00  0.6960E-11  0.0000E+00  0.0000E+00
     1    42     2     1        0  0.0000E+00  0.5915E+00  0.0000E+00  0.0000E+00
     1    42     2     2        0  0.0000E+00  0.1277E-10  0.0000E+00  0.0000E+00
     1    43     1     1        0  0.0000E+00  0.1275E+01  0.0000E+00  0.0000E+00
     1    43     1     2        0  0.0000E+00  0.7652E-11  0.0000E+00  0.0000E+00
     1    43     2     1        0  0.0000E+00  0.1105E+01  0.0000E+00  0.0000E+00
     1    43     2     2        0  0.0000E+00  0.6888E-11  0.0000E+00  0.0000E+00
     1    43     2     1        0  0.0000E+00  0.1105E+01  0.0000E+00  0.0000E+00
     1    43     2     2        0  0.0000E+00  0.2623E-10  0.0000E+00  0.0000E+00
     1    44     1     1        0  0.0000E+00  0.1777E+01  0.0000E+00  0.0000E+00
     1    44     1     2        0  0.0000E+00  0.4763E-10  0.0000E+00  0.0000E+00
     1    44     2     1        0  0.0000E+00  0.1600E+01  0.0000E+00  0.0000E+00
     1    44     2     2        0  0.0000E+00  0.3394E-10  0.0000E+00  0.0000E+00
     1    44     2     1        0  0.0000E+00  0.1600E+01  0.0000E+00  0.0000E+00
     1    44     2     2        0  0.0000E+00  0.2433E-10  0.0000E+00  0.0000E+00
     1    45     1     1        0  0.0000E+00  0.2642E+01  0.0000E+00  0.0000E+00
     1    45     1     2        0  0.0000E+00  0.6774E-11  0.0000E+00  0.0000E+00
     1    45     2     1        0  0.0000E+00  0.2454E+01  0.0000E+00  0.0000E+00
     1    45     2     2        0  0.0000E+00  0.5983E-11  0.0000E+00  0.0000E+00
     1    45     2     1        0  0.0000E+00  0.2455E+01  0.0000E+00  0.0000E+00
     1    45     2     2        0  0.0000E+00  0.8339E-11  0.0000E+00  0.0000E+00
     1    46     1     1        0  0.0000E+00  0.3955E+01  0.0000E+00  0.0000E+00
     1    46     1     2        0  0.0000E+00  0.2603E-10  0.0000E+00  0.0000E+00
     1    46     2     1        0  0.0000E+00  0.3750E+01  0.0000E+00  0.0000E+00
     1    46     2     2        0  0.0000E+00  0.3271E-10  0.0000E+00  0.0000E+00
     1    46     2     1        0  0.0000E+00  0.3751E+01  0.0000E+00  0.0000E+00
     1    46     2     2        0  0.0000E+00  0.2982E-10  0.0000E+00  0.0000E+00
     1    47     1     1        0  0.0000E+00  0.5552E+01  0.0000E+00  0.0000E+00
     1    47     1     2        0  0.0000E+00  0.5950E-10  0.0000E+00  0.0000E+00
     1    47     2     1        0  0.0000E+00  0.5317E+01  0.0000E+00  0.0000E+00
     1    47     2     2        0  0.0000E+00  0.5203E-10  0.0000E+00  0.0000E+00
     1    47     2     1        0  0.0000E+00  0.5317E+01  0.0000E+00  0.0000E+00
     1    47     2     2        0  0.0000E+00  0.5495E-10  0.0000E+00  0.0000E+00
     1    48     1     1        0  0.0000E+00  0.7309E+01  0.0000E+00  0.0000E+00
     1    48     1     2        0  0.0000E+00  0.5827E-10  0.0000E+00  0.0000E+00
     1    48     2     1        0  0.0000E+00  0.7021E+01  0.0000E+00  0.0000E+00
     1    48     2     2        0  0.0000E+00  0.7157E-10  0.0000E+00  0.0000E+00
     1    48     2     1        0  0.0000E+00  0.7021E+01  0.0000E+00  0.0000E+00
     1    48     2     2        0  0.0000E+00  0.5803E-10  0.0000E+00  0.0000E+00
     1    49     1     1        0  0.0000E+00  0.9482E+01  0.0000E+00  0.0000E+00
     1    49     1     2        0  0.0000E+00  0.6804E-10  0.0000E+00  0.0000E+00
     1    49     2     1        0  0.0000E+00  0.9096E+01  0.0000E+00  0.0000E+00
     1    49     2     2        0  0.0000E+00  0.7366E-10  0.0000E+00  0.0000E+00
     1    49     2     1        0  0.0000E+00  0.9096E+01  0.0000E+00  0.0000E+00
     1    49     2     2        0  0.0000E+00  0.6994E-10  0.0000E+00  0.0000E+00
     1    50     1     1        0  0.0000E+00  0.1340E+02  0.0000E+00  0.0000E+00
     1    50     1     2        0  0.0000E+00  0.1066E-09  0.0000E+00  0.0000E+00
     1    50     2     1        0  0.0000E+00  0.1282E+02  0.0000E+00  0.0000E+00
     1    50     2     2        0  0.0000E+00  0.1084E-09  0.0000E+00  0.0000E+00
