-2.273081601026109e-08 -1.2578314945772706e-08 -7.296616719187552e-09 -5.0389947383464955e-09 -3.614321836075091e-09 -2.5334298895348666e-09
-9.06201762109949e-08 -4.9827133209106216e-08 -2.829188002859942e-08 -1.7978329937836748e-08 -1.0602660822910822e-08 -4.944976548225407e-09
-2.0307124647195225e-07 -1.1064856523504347e-07 -6.064818193955893e-08 -3.369791077482397e-08 -1.4263942534976858e-08 -2.378111756927651e-09
-3.5948509798962263e-07 -1.9366517774552662e-07 -1.0095405513444555e-07 -4.632262309515284e-08 -1.1702395550841447e-08 -1.7668504522276486e-09
-5.592622356195182e-07 -2.972407125550953e-07 -1.45075195696886e-07 -5.1380145231540087e-08 -5.9539730609337995e-09 -3.6484591770841876e-09
-8.018026503420325e-07 -4.1950215888754946e-07 -1.8857113317375042e-07 -4.734888981177884e-08 -2.5391743251039495e-09 -3.4382894150695263e-09
-1.086505234660327e-06 -5.583646811165074e-07 -2.2713553652622712e-07 -3.606594356438076e-08 -4.213307926012602e-09 -2.2937430129912315e-09
-1.4127675909683471e-06 -7.115602829572113e-07 -2.5701641799843874e-07 -2.1902483158932297e-08 -8.837740048420641e-09 -2.820651707812043e-09
-1.779986274746246e-06 -8.766686495071863e-07 -2.7537552104049974e-07 -1.006365853895649e-08 -1.1894548609340035e-08 -2.7014936663819657e-09
-2.187557451646339e-06 -1.0511486059175904e-06 -2.805526114794366e-07 -4.669140874878686e-09 -1.0823050503518262e-08 -2.961479138668391e-09
-2.6348781676884896e-06 -1.2323699114371243e-06 -2.7221009845788516e-07 -7.3180223018208605e-09 -7.0726655546015875e-09 -2.822998266457581e-09
-3.121348041310663e-06 -1.4176455195541114e-06 -2.513456892999075e-07 -1.6632376855444332e-08 -4.31411079062699e-09 -3.12963576446395e-09
-3.646371026887869e-06 -1.6042646552892012e-06 -2.2017394086698543e-07 -2.8896570685569144e-08 -4.881480196591734e-09 -2.0089233492516116e-09
-4.2093569073916455e-06 -1.7895267874776006e-06 -1.81890378387735e-07 -3.9508775179859444e-08 -7.847641819146469e-09 -3.195557933406842e-09
-4.809722046716098e-06 -1.9707756706212486e-06 -1.4034322205241102e-07 -4.4682244876667005e-08 -1.0255136569618052e-08 -2.788131152879642e-09
-5.446889026003766e-06 -2.1454322785620367e-06 -9.964642079992195e-08 -4.277115521963415e-08 -1.0012779426107297e-08 -2.6675042931598837e-09
-6.1202853107418365e-06 -2.3110261707408195e-06 -6.377286209842128e-08 -3.476122842811704e-08 -7.660641867202935e-09 -3.1545268319108732e-09
-6.829341284990193e-06 -2.4652250905325596e-06 -3.6167871785656866e-08 -2.3788108690527102e-08 -5.562150000448017e-09 -2.4291732104901056e-09
-7.573488185977744e-06 -2.6058629115290815e-06 -1.9420345003561263e-08 -1.390343873850486e-08 -5.562819402015226e-09 -3.100192645711262e-09
-8.352156563365463e-06 -2.7309661064309647e-06 -1.5022586281668454e-08 -8.569663876992733e-09 -7.4009503485523374e-09 -2.1632635128700305e-09
-9.164775313113751e-06 -2.838777988706281e-06 -2.3240826012379238e-08 -9.439626560898301e-09 -9.200853172859472e-09 -2.7176608969643623e-09
-1.0010771122101107e-05 -2.9277799464222354e-06 -4.310738758837777e-08 -1.5847972253056544e-08 -9.351405452949585e-09 -2.4408444567558576e-09
-1.088956788817821e-05 -2.9967088975956454e-06 -7.253349867957584e-08 -2.516386826941519e-08 -7.91731919807415e-09 -3.3667946211581583e-09
-1.1800585803796444e-05 -3.044570784795029e-06 -1.085300235738243e-07 -3.383622387306158e-08 -6.376476302972722e-09 -2.464232416334057e-09
-1.2743240024736653e-05 -3.070650351069741e-06 -1.47513019160397e-07 -3.872054770881807e-08 -6.123800431811633e-09 -2.8844470250315977e-09
-1.371693894386482e-05 -3.0745172772148942e-06 -1.8566300358352624e-07 -3.819469140020436e-08 -7.232381406052057e-09 -1.8313326646200508e-09
-1.4721082140846627e-05 -3.05602847130102e-06 -2.193019372007024e-07 -3.2670924078868387e-08 -8.54931509492325e-09 -2.8394536036160933e-09
-1.5755058240712817e-05 -3.0153263759996503e-06 -2.452507280293562e-07 -2.4348896170628896e-08 -8.876960524183176e-09 -2.7401232949350818e-09
-1.681824295641001e-05 -2.9528333082166118e-06 -2.611324458371649e-07 -1.6335451691897508e-08 -8.049177180946503e-09 -2.4354825020327462e-09
-1.7909997720427222e-05 -2.8692423372030848e-06 -2.65592307442824e-07 -1.1479460474486637e-08 -6.9526640165314294e-09 -3.112388203980463e-09
-1.9029669025141283e-05 -2.7655049880702503e-06 -2.5841391144667747e-07 -1.1355486825268001e-08 -6.603762171918008e-09 -2.686551125175546e-09
-2.017658824607729e-05 -2.642815822088985e-06 -2.405216816563136e-07 -1.5755495393504846e-08 -7.2227776261042284e-09 -2.9829378039841383e-09
-2.1350071935701516e-05 -2.50259451879401e-06 -2.1387131004177676e-07 -2.2847808319949185e-08 -8.135344380287972e-09 -2.20968278978626e-09
-2.2549422122748587e-05 -2.346465436853571e-06 -1.8124087019718073e-07 -2.99142113306662e-08 -8.486910311390629e-09 -2.796279159116026e-09
-2.3773926300579817e-05 -2.1762348484743806e-06 -1.4594492680791207e-07 -3.4371904190684316e-08 -8.030350486942642e-09 -2.533482130094376e-09
-2.5022856997131326e-05 -1.9938662135141183e-06 -1.115010493294121e-07 -3.469808475547092e-08 -7.2722882800792994e-09 -2.9887949268980403e-09
-2.629547116028545e-05 -1.801454111298146e-06 -8.128223388509055e-08 -3.092821634953775e-08 -6.926157529707174e-09 -2.055131839876621e-09
-2.759100962189417e-05 -1.6011972217152749e-06 -5.818930212732822e-08 -2.4568468154164052e-08 -7.247104562179324e-09 -2.925849966563671e-09
-2.8908696720535067e-05 -1.3953703261570807e-06 -4.437459802603504e-08 -1.798187630488537e-08 -7.858759223518391e-09 -2.614774813656771e-09
-3.0247740117973398e-05 -1.1862953509091345e-06 -4.1042865434449e-08 -1.3495050490797838e-08 -8.166780376823553e-09 -2.8336189885280973e-09
-3.160733111827727e-05 -9.763120919699239e-07 -4.834769289586715e-08 -1.256149073322884e-08 -7.917748924765524e-09 -2.417019620345225e-09
-3.29866454077544e-05 -7.677488576431531e-07 -6.539211508751042e-08 -1.5280628408662795e-08 -7.38502476255779e-09 -2.4144350418112948e-09
-3.438484390787054e-05 -5.628931019188865e-07 -9.033161656256609e-08 -2.0428649110284584e-08 -7.0603177559468376e-09 -2.886310038294234e-09
-3.5801073676401424e-05 -3.63962553228598e-07 -1.2056813255795466e-07 -2.596504709560078e-08 -7.187498431091401e-09 -2.351651892916121e-09
-3.7234468850243686e-05 -1.7307743717909403e-07 -1.530150606914224e-07 -2.9809118189011945e-08 -7.575258952683977e-09 -2.588756421501718e-09
-3.8684151808920846e-05 7.76546271996559e-09 -1.8440674715151228e-07 -3.059337385682079e-08 -7.82223612642524e-09 -2.2644798664519234e-09
-4.0149234244526565e-05 1.767169912436302e-07 -2.1162130700970156e-07 -2.81230842479171e-08 -7.701674698238293e-09 -2.4666290637806746e-09
-4.16288183673011e-05 3.3209749525774173e-07 -2.3198501563033828e-07 -2.3390394986741655e-08 -7.342108076820989e-09 -2.4986892243018e-09
-4.3121998406142296e-05 4.7241606922063586e-07 -2.4352847395190307e-07 -1.815923359762216e-08 -7.067715696111251e-09 -2.437357660746809e-09
-4.4627862445190566e-05 5.963870585625248e-07 -2.4516977128646e-07 -1.4291207561553201e-08 -7.083409438025355e-09 -2.176707295004294e-09
-4.614549467237073e-05 7.02943606775737e-07 -2.368075900173801e-07 -1.306814817970004e-08 -7.306065448781005e-09 -3.314692195052128e-09
-4.7673977612395315e-05 7.912486129867688e-07 -2.1931611458509586e-07 -1.4755882566092236e-08 -7.47453024363737e-09 -2.43748839642348e-09
-4.921239437295177e-05 8.607026611835014e-07 -1.9444412770898664e-07 -1.8555472492463044e-08 -7.405966063287505e-09 -2.1845463290227898e-09
-5.075983126796222e-05 9.109480920904795e-07 -1.646304753025388e-07 -2.2941445534543673e-08 -7.151633122428385e-09 -2.473991771242752e-09
-5.231537984142165e-05 9.418703648315352e-07 -1.3275475669156462e-07 -2.6246047394931796e-08 -6.923036801513118e-09 -2.328362899902554e-09
-5.387813821133408e-05 9.53596710299962e-07 -1.0184888748553105e-07 -2.7266913736311418e-08 -6.882609984105152e-09 -2.7787085287218493e-09
-5.544721254035738e-05 9.464911228382539e-07 -7.479918807414998e-08 -2.5678188646526683e-08 -7.004204718694154e-09 -2.278677996595993e-09
-5.702171828438437e-05 9.211464264531595e-07 -5.406781313429287e-08 -2.2106072633205878e-08 -7.119216336485066e-09 -2.4855823675115512e-09
-5.860078130108171e-05 8.783736500704893e-07 -4.146022979296871e-08 -1.7857784250205053e-08 -7.0845872448249755e-09 -2.0521092368184315e-09
-6.0183538647440714e-05 8.191892858362316e-07 -3.796022542564327e-08 -1.4418294859653865e-08 -6.907277260402489e-09 -2.6669400563031187e-09
-6.176913910970502e-05 7.448006932493024e-07 -4.36472456567298e-08 -1.2907457655309588e-08 -6.719414060577557e-09 -2.3674393892921578e-09
-6.335674357732799e-05 6.565897396981781e-07 -5.7702830381836195e-08 -1.3695118651592033e-08 -6.64495808555072e-09 -2.6005854327534023e-09
-6.494552544371651e-05 5.560945971073352e-07 -7.850440733939351e-08 -1.6305351770664174e-08 -6.690775850749823e-09 -2.2312744160165725e-09
-6.653467086508551e-05 4.449899888667111e-07 -1.0379606169864897e-07 -1.9630258612139545e-08 -6.756054115758287e-09 -2.0570729841938965e-09
-6.81233788154122e-05 3.250659910678132e-07 -1.30918734850973e-07 -2.2361256936572277e-08 -6.7366787963648386e-09 -2.354231588214629e-09
-6.971086098439686e-05 1.982054296124177e-07 -1.5707674820581335e-07 -2.3471767765998237e-08 -6.619134674459142e-09 -2.08872447701401e-09
-7.129634157442969e-05 6.63599844007969e-08 -1.7961416500199177e-07 -2.2574605588951086e-08 -6.481094127623954e-09 -2.5973487435969727e-09
-7.2879057480812e-05 -6.84752451181638e-08 -1.9627404791648926e-07 -2.0031201585343148e-08 -6.410296556766254e-09 -1.863288870944201e-09
-7.445825856919669e-05 -2.042879259413676e-07 -2.0541488821311419e-07 -1.6784919543005484e-08 -6.424172665714262e-09 -2.2097732797548857e-09
-7.603320816352202e-05 -3.3907510631996127e-07 -2.061633848216406e-07 -1.3991918423506919e-08 -6.4625661982711805e-09 -1.984039646818439e-09
-7.760318319505783e-05 -4.7086917734372577e-07 -1.9848881581686374e-07 -1.2592362139727856e-08 -6.450617709033719e-09 -1.7967442479547737e-09
-7.916747435872725e-05 -5.977633071964478e-07 -1.831931931405715e-07 -1.297995744209879e-08 -6.367717291372205e-09 -2.0758775377631637e-09
-8.072538629428842e-05 -7.179360331909184e-07 -1.6181957880870837e-07 -1.4884520577381855e-08 -6.259992020324339e-09 -2.237868727461748e-09
-8.227623716892207e-05 -8.296739758030353e-07 -1.364885369853863e-07 -1.7499590571292386e-08 -6.191122379599719e-09 -2.1345012572840665e-09
-8.381935844859388e-05 -9.31393368758428e-07 -1.096809081541528e-07 -1.9797777806595844e-08 -6.183920163069522e-09 -2.1450034126217056e-09
-8.535409468411828e-05 -1.0216598649007865e-06 -8.39891125231345e-08 -2.0911097245513624e-08 -6.205531073697735e-09 -2.192562490497082e-09
-8.68798028775859e-05 -1.0992057771953244e-06 -6.186155561974667e-08 -2.0435884667353656e-08 -6.203411131288681e-09 -2.274178000453417e-09
-8.839585169734927e-05 -1.162944775942243e-06 -4.536542850285475e-08 -1.8556127437891875e-08 -6.154036613486804e-09 -2.091137218810976e-09
-8.99016207956791e-05 -1.211984035922556e-06 -3.599078996273226e-08 -1.5949542570643767e-08 -6.079700059194061e-09 -1.9867951647237635e-09
-9.139650010971065e-05 -1.2456333998659615e-06 -3.451398740672735e-08 -1.3520551378236645e-08 -6.022388077364354e-09 -2.224270509184256e-09
-9.287988875437754e-05 -1.263410900679775e-06 -4.093219293496615e-08 -1.2064453917062149e-08 -6.003141980909608e-09 -1.2435965728111323e-09
-9.435119392030635e-05 -1.2650451471909353e-06 -5.4474592160877006e-08 -1.1987298498629416e-08 -6.005795441809387e-09 -2.0524309169319036e-09
-9.580982986260674e-05 -1.2504747270559675e-06 -7.36880191532762e-08 -1.3179693459180105e-08 -5.996541477379118e-09 -2.4981040216212802e-09
-9.725521584490951e-05 -1.219843532651016e-06 -9.658676765169686e-08 -1.5082062732465275e-08 -5.955708125367411e-09 -1.6181815801871195e-09
-9.86867752765365e-05 -1.1734950422955854e-06 -1.208532141426117e-07 -1.690946422299721e-08 -5.89433652005385e-09 -1.8783178273634055e-09
-0.0001001039362432814 -1.1119659204417433e-06 -1.4406915607167124e-07 -1.7947025183408517e-08 -5.842113286947149e-09 -1.8880920133887996e-09
-0.00010150613075007356 -1.0359759964234352e-06 -1.639525979267612e-07 -1.7804700088723257e-08 -5.817510865724954e-09 -1.7343875703923156e-09
-0.00010289279468662047 -9.464172536217211e-07 -1.7857844680926383e-07 -1.6542202484512635e-08 -5.811628879311198e-09 -2.270341380350539e-09
-0.0001042633688868298 -8.443423394899105e-07 -1.8656184351307667e-07 -1.4625401190517058e-08 -5.799011098162562e-09 -1.6296114993811601e-09
-0.00010561730024066404 -7.30951523769264e-07 -1.8718566865225275e-07 -1.2737684663588318e-08 -5.761678072072448e-09 -2.0689666439569186e-09
-0.00010695404349587702 -6.075789077477936e-07 -1.8046089183754585e-07 -1.1521722227799914e-08 -5.704332743467905e-09 -1.3672800013834923e-09
-0.00010827306260000467 -4.756766462257768e-07 -1.6711383846785004e-07 -1.1347823858076634e-08 -5.647160373277001e-09 -2.248799057436914e-09
-0.0001095738317908181 -3.367975344281062e-07 -1.4850298258160623e-07 -1.2191473124178506e-08 -5.605829688313457e-09 -1.6697083705130716e-09
-0.00011085583645312125 -1.925761621035992e-07 -1.2647475544478964e-07 -1.3659191757334631e-08 -5.5780980173734615e-09 -1.8126100356816422e-09
-0.00011211857454580983 -4.4709746218999296e-08 -1.0317440616952945e-07 -1.514683974029505e-08 -5.548981614596646e-09 -1.769836678461815e-09
-0.00011336155774301871 1.0506222755252475e-07 -8.083065654333549e-08 -1.606667374641308e-08 -5.506168189732629e-09 -1.6601904628065122e-09
-0.00011458431188688874 2.549797672016409e-07 -6.153553231304472e-08 -1.605794876613411e-08 -5.450195663624987e-09 -2.0266536662717243e-09
-0.0001157863778592188 4.0328411320909356e-07 -4.704187896592761e-08 -1.5106354477833295e-08 -5.392058849139721e-09 -1.4656169567433062e-09
-0.00011696731219291381 5.482400004399353e-07 -3.85974295914226e-08 -1.3533285862683856e-08 -5.341444292756491e-09 -1.8648202555621323e-09
-0.00011812668790996131 6.881576897032097e-07 -3.683121475645991e-08 -1.186516496189577e-08 -5.2980325802671385e-09 -1.5250320127913124e-09
-0.00011926409444106471 8.214157588324615e-07 -4.170145456019051e-08 -1.0635132197907727e-08 -5.252281076513613e-09 -1.6890033364457561e-09
-0.00012037913747547947 9.464832652284237e-07 -5.250963801660185e-08 -1.0192115894368685e-08 -5.194996602959564e-09 -1.4899290026090291e-09
-0.00012147143876014 1.0619408385184393e-06 -6.797836499518809e-08 -1.0585613949457177e-08 -5.125912875697319e-09 -1.9645475331333885e-09
-0.00012254063535731052 1.1665007847789294e-06 -8.638407826132093e-08 -1.1563720607937533e-08 -5.053000355433013e-09 -1.4499879929469645e-09
-0.00012358637929569117 1.2590246444916503e-06 -1.0573182994096126e-07 -1.2679845305267657e-08 -4.984919909355126e-09 -1.5554212869815747e-09
-0.00012460833799059367 1.3385374126245754e-06 -1.239548190665173e-07 -1.3464356703247468e-08 -4.924231459112219e-09 -1.5415660226195848e-09
-0.00012560619437463992 1.4042393428870854e-06 -1.3911805022304255e-07 -1.3595533251977302e-08 -4.865844938598606e-09 -1.4616140813571907e-09
-0.0001265796472018895 1.45551453844554e-06 -1.496065565064998e-07 -1.3008352468883238e-08 -4.802053581379535e-09 -1.8709829643156983e-09
-0.00012752841221570663 1.4919355139391974e-06 -1.5428040153243152e-07 -1.1905129349307276e-08 -4.7295993761406325e-09 -1.212702241290922e-09
-0.0001284522234829121 1.5132644999595634e-06 -1.5258109575836203e-07 -1.0668717322566272e-08 -4.651889508668016e-09 -1.4114173159403007e-09
-0.00012935083537713818 1.5194511452789927e-06 -1.4457989519234427e-07 -9.714577188758742e-09 -4.575777138582421e-09 -1.3032330872624217e-09
-0.0001302240232767086 1.5106290085278828e-06 -1.3096247112826106e-07 -9.337424606455648e-09 -4.504677383351782e-09 -1.7670708165242e-09
-0.00013107158366363245 1.487110237920665e-06 -1.1295301486932331e-07 -9.608572976071708e-09 -4.435664726189256e-09 -1.2343954959870394e-09
