-4.545496614238467e-05 -2.512062749795389e-05 -1.4440788623264054e-05 -9.677053232533638e-06 -6.444852066792616e-06 -3.832631461477679e-06
-9.03147310944012e-05 -4.9289245726643645e-05 -2.7173764250060757e-05 -1.532763428928444e-05 -6.300468226027635e-06 -4.111664302966169e-07
-0.00013457606146169158 -7.221652316481894e-05 -3.698080068589012e-05 -1.5107479981085115e-05 -5.069394690250934e-07 1.9546560623166787e-06
-0.0001782380011307407 -9.363328576972662e-05 -4.294941346670846e-05 -9.380793343310254e-06 5.0511450709636465e-06 -6.378430601980181e-07
-0.00022130037347021928 -0.00011329159657200723 -4.455755261235825e-05 -4.831342505632388e-07 5.421695445951861e-06 -9.57055617657251e-07
-0.00026376232746961486 -0.00013096637892430854 -4.171906368494542e-05 8.216813492059067e-06 9.072196721654177e-07 1.0368859005428192e-06
-0.00030562251730330736 -0.00014645949714567124 -3.4785202206859465e-05 1.3583396644737439e-05 -3.851547691593343e-06 7.251104831389836e-07
-0.0003468797086345128 -0.00015960314114758084 -2.4503341748514035e-05 1.383520204139788e-05 -4.564114922038344e-06 -3.5554840102503125e-07
-0.00038753304198384144 -0.00017026079381238595 -1.193772535302357e-05 9.123313701949183e-06 -1.0884540109453973e-06 -2.363169880812309e-07
-0.00042758259708349866 -0.00017832749583737492 1.63983660931368e-06 1.3836069895930963e-06 2.9503445165640656e-06 -1.106513374269535e-07
-0.00046703005469729656 -0.00018373025087465536 1.4877979100028416e-05 -6.448066084981222e-06 3.867003826665649e-06 1.3629467270160111e-07
-0.0005058788785457667 -0.00018642855155758344 2.6479500625223783e-05 -1.154313622392311e-05 1.2228501104329472e-06 3.4118251078680296e-07
-0.0005441342763404395 -0.00018641548583145777 3.532769359789992e-05 -1.2195195561710073e-05 -2.1800034813904e-06 -7.613830248114418e-08
-0.0005818026971007337 -0.00018371841887052136 4.059297415821083e-05 -8.381250792882328e-06 -3.2049858301555697e-06 -6.5325796060147e-07
-0.0006188908532669049 -0.00017839845061356872 4.180956959329999e-05 -1.6891820861565337e-06 -1.229569806844868e-06 2.458020000845777e-07
-0.0006554044666798364 -0.00017054874463524595 3.891532337308812e-05 5.331871150506287e-06 1.6069909626385994e-06 4.282918615140196e-08
-0.0006913475841258688 -0.0001602930676784515 3.225129689657673e-05 1.0136309435920852e-05 2.6578426897291352e-06 2.0749108942962545e-07
-0.0007267219960772981 -0.0001477837182383777 2.2522009910006178e-05 1.1099946813253678e-05 1.2015005027497482e-06 3.057966194544351e-07
-0.0007615276185784763 -0.00013320029704761387 1.0720969409251886e-05 8.061662910257937e-06 -1.1492871965946774e-06 9.064041151277488e-09
-0.0007957631606306879 -0.00011674798511524292 -1.970747493712752e-06 2.311448866388105e-06 -2.1788278966222806e-06 -2.0678329105897777e-08
-0.0008294266060073018 -9.865481630403502e-05 -1.4302557232868607e-05 -3.944734096279613e-06 -1.1268970070839753e-06 -7.031134165415292e-07
-0.0008625155529361228 -7.91683956612779e-05 -2.507757849317352e-05 -8.425401906931812e-06 8.084010398008555e-07 -5.203253303083162e-07
-0.000895026825376394 -5.855163247770152e-05 -3.326872622849412e-05 -9.600722115055144e-06 1.7842287139634761e-06 -2.844993143464615e-08
-0.0009269561888963282 -3.707909386601301e-05 -3.8116709168159376e-05 -7.208566146206669e-06 1.0421028817065167e-06 5.986922667895148e-07
-0.0009582978050495686 -1.5033221743557652e-05 -3.920033300429204e-05 -2.287645449668232e-06 -5.453095540915215e-07 1.0018938463500476e-07
-0.0009890439870378072 7.299153903212463e-06 -3.647280570429076e-05 3.2605050183868024e-06 -1.4553132985840352e-06 -4.1342524794665846e-07
-0.0010191847960024092 2.963101535734428e-05 -3.0260644492393967e-05 7.399856315437155e-06 -9.572115224535878e-07 -1.0904386895907206e-06
-0.0010487082623644307 5.1678912995290076e-05 -2.1226220086322342e-05 8.701099647005676e-06 3.30535505479787e-07 -2.0976519859594046e-07
-0.0010776005324546027 7.316713630981577e-05 -1.0297601479557648e-05 6.8282961991079685e-06 1.159933183568952e-06 -2.0345696596178696e-07
-0.0011058468998970921 9.383045915428278e-05 1.4263121178279747e-06 2.607359719522128e-06 8.46495147251225e-07 -2.3356829379919956e-08
-0.0011334321917026724 0.0001134177366649938 1.278666863492446e-05 -2.327139645646734e-06 -1.8684442906437596e-07 5.326084640969812e-07
-0.001160341347956553 0.00013169454852890477 2.26794724383004e-05 -6.160105957312309e-06 -9.250447282536362e-07 5.022798866507012e-07
-0.001186559783196207 0.00014844554694035735 3.0162934536159233e-05 -7.559307074118786e-06 -7.43002205169674e-07 2.4293486704523563e-07
-0.001212073036187069 0.0001634771456590301 3.454717229013898e-05 -6.132966022601404e-06 8.32022030723967e-08 -3.257744346277125e-07
-0.0012368664982164122 0.00017661947924073828 3.5457298440088204e-05 -2.5265717250801733e-06 7.344533275020194e-07 -3.8097191301787124e-08
-0.0012609248480367542 0.00018772836025109533 3.286480328226563e-05 1.859346080035362e-06 6.496703172337314e-07 1.3748621920930326e-07
-0.0012842322476877526 0.00019668600427040785 2.708419799554225e-05 5.410237962651542e-06 -3.708787230773986e-09 3.962486924297607e-08
-0.0013067723040021827 0.0002034022041535608 1.8736820268809136e-05 6.8902613448169195e-06 -5.686420801535954e-07 -4.2585158043575296e-07
-0.0013285284245093806 0.00020781511415892556 8.685347478062195e-06 5.869783968156195e-06 -5.47095130386833e-07 2.1633025050290833e-07
-0.0013494838489722827 0.0002098923787633306 -2.053749837462113e-06 2.8414456746910644e-06 -2.6364946086614493e-08 2.9569681149766527e-07
-0.001369622623016844 0.00020963064092715595 -1.2412179391538607e-05 -1.0027396605325652e-06 4.6916757074786867e-07 2.834836552930843e-07
-0.0013889294662555133 0.0002070561976780176 -2.1374435678297e-05 -4.235209959932093e-06 5.014302983560093e-07 -1.9372717669376768e-07
-0.0014073901300624043 0.0002022243634151154 -2.8076310836545888e-05 -5.719335157585759e-06 9.974760017474947e-08 3.4544030345397587e-10
-0.0014249911363366497 0.00019521911679710105 -3.188690454670894e-05 -5.005026067619655e-06 -3.220521759857013e-07 2.5589422731908385e-07
-0.001441720121982235 0.00018615126876274417 -3.246750847226221e-05 -2.4579009292906484e-06 -3.8356449096268996e-07 -7.74465218825776e-08
-0.0014575659358361495 0.0001751566224089812 -2.9800997379388344e-05 9.121131092073593e-07 -7.37971265640873e-08 -1.5709313405640474e-07
-0.0014725183546652882 0.00016239431057972945 -2.4188955381867523e-05 3.846492093176463e-06 2.8545437404242665e-07 -3.992823444954539e-07
-0.0014865686383282648 0.00014804383888514998 -1.6218064520085387e-05 5.3041811514641096e-06 3.682712904631902e-07 -2.0826020749828857e-07
-0.0014997095645291033 0.00013230279137720557 -6.698125619694181e-06 4.82730335943255e-06 1.3728651529230344e-07 -1.1347075569393125e-07
-0.0015119360661212818 0.0001153836467562342 3.420711390668254e-06 2.6787532118731905e-06 -1.5916301063522465e-07 -3.3375962103960794e-07
-0.0015232454177492366 9.751105565823552e-05 1.31437718206254e-05 -2.867315161279309e-07 -2.448640632857906e-07 1.8398847970053032e-07
-0.0015336370181789996 7.891938969962125e-05 2.1530787816341527e-05 -2.9589720789509805e-06 -6.636004695515318e-08 1.1070976434059985e-06
-0.0015431126342794824 5.9849142571262754e-05 2.7787020111905444e-05 -4.38546247100469e-06 1.8564691324867966e-07 2.449427837322561e-07
-0.001551676911133935 4.054282258027753e-05 3.1338047325711875e-05 -4.108100383701491e-06 2.76031163688304e-07 -1.6027096840914244e-07
-0.0015593356633835844 2.124364435742451e-05 3.188349754944307e-05 -2.3043500183513968e-06 1.437811170605039e-07 -6.231981066389753e-08
-0.001566096223869864 2.1914273348568485e-06 2.9420987370092486e-05 3.066649319758975e-07 -6.531690692011109e-08 1.851304660289677e-07
-0.0015719673484560232 -1.6380618710100123e-05 2.424103767542928e-05 2.7492267112400698e-06 -1.5436614575908813e-07 4.591845820424772e-07
-0.0015769588671203422 -3.424852416719622e-05 1.6893857907652832e-05 4.154984203324943e-06 -5.75387328562517e-08 1.71320275674331e-07
-0.0015810817527358806 -5.120030527352239e-05 8.131282408612377e-06 4.070448182351727e-06 1.1671805696164159e-07 -5.684171790482035e-09
-0.0015843474304225245 -6.703744834210124e-05 -1.1690664040612626e-06 2.600427130493442e-06 2.0457921023932576e-07 -8.309452343171102e-08
-0.0015867679328614148 -8.157712967682191e-05 -1.009121079339276e-05 3.429674492472785e-07 1.3943781320446027e-07 4.220703009902302e-07
-0.0015883554331231886 -9.465351946800917e-05 -1.7770099145524558e-05 -1.8500216776782682e-06 -4.993066729453708e-10 4.954073342049841e-07
-0.0015891227652927058 -0.00010612016137809274 -2.347560219007613e-05 -3.1924866776922226e-06 -8.120703375668818e-08 5.530306509424209e-07
-0.0015890826202318807 -0.00011585068974020576 -2.6681225350059218e-05 -3.2441568076712706e-06 -3.87810452121519e-08 2.185790310201403e-08
-0.001588247941883775 -0.00012374100014654697 -2.711331158010418e-05 -2.0527997423009205e-06 7.159964561850403e-08 -1.384385156774917e-07
-0.0015866312171224318 -0.0001297098847249998 -2.477394332931022e-05 -1.1296958834857378e-07 1.4114122188932934e-07 -1.8831701029029692e-08
-0.0015842449837745241 -0.0001337009794795123 -1.9937610579416815e-05 1.8340239078014136e-06 1.1123190116051993e-07 1.4090072149780141e-07
-0.0015811020891160121 -0.000135683891283509 -1.3120677354780399e-05 3.079889453833025e-06 1.993063040729868e-08 2.730469610139812e-07
-0.0015772156258471452 -0.00013565457267026513 -5.027020569137066e-06 3.2039455720086805e-06 -4.378311156592756e-08 -2.628863472429738e-07
-0.0015725994170271913 -0.0001336358037245442 3.523815146187442e-06 2.2114291077648965e-06 -2.661123481712446e-08 -2.096548380143867e-07
-0.0015672668535800282 -0.0001296754059742958 1.1680261266947443e-05 5.119775587163079e-07 4.6730192707759936e-08 -5.842252676405849e-07
-0.0015612320710589255 -0.000123846974009654 1.8642118756313755e-05 -1.2480270885006434e-06 1.0314225398350428e-07 -7.175101421704767e-07
-0.0015545088228765907 -0.00011624746238308022 2.3739494015992635e-05 -2.429605536498999e-06 9.349558547574267e-08 -2.7683701679381e-07
-0.0015471104097920284 -0.0001069958462716116 2.649643256689359e-05 -2.6315597514083945e-06 3.344144283859908e-08 4.745976420633534e-08
-0.0015390501279016725 -9.623209530324167e-05 2.667379606575806e-05 -1.8243388207493938e-06 -1.9114821627639974e-08 9.218211025468907e-08
-0.001530340850153496 -8.411475545897389e-05 2.4288855554557486e-05 -3.43131241152693e-07 -2.026287458087879e-08 1.9191260528959022e-07
-0.0015209946055834097 -7.081824296754091e-05 1.9609434861758065e-05 1.250167290036637e-06 2.314163362001462e-08 3.878966621352919e-07
-0.0015110226971388411 -5.653046808067372e-05 1.3123336910610792e-05 2.3798634939966608e-06 6.591215538426443e-08 4.5642296302974066e-07
-0.001500435789194505 -4.14501166781193e-05 5.487083219779292e-06 2.6642032119389336e-06 6.954523045500881e-08 2.1281100910692337e-07
-0.001489243786642598 -2.578340780659089e-05 -2.5404857730957643e-06 2.043414568289599e-06 3.572215073658983e-08 2.0703564937489204e-07
-0.0014774551398683085 -9.740061651616499e-06 -1.0172843932532949e-05 7.85856114336443e-07 1.7773873705200483e-10 -2.478895427420561e-07
-0.001465077549527852 6.468935456923952e-06 -1.667317428295999e-05 -6.249868876344221e-07 -4.90044191649411e-09 -9.503684058641243e-07
-0.0014521174437036124 2.2635054854119862e-05 -2.142464710236383e-05 -1.6749509175891497e-06 2.118063232358121e-08 1.223413037166643e-07
-0.0014385784114261334 3.855664689584569e-05 -2.3987458760644923e-05 -2.0053694594752356e-06 5.2558756063733256e-08 4.487570378010657e-07
-0.0014244651546907337 5.403660926402917e-05 -2.4142602718628177e-05 -1.5363261511518303e-06 5.9191093558833624e-08 -2.489846872623569e-07
-0.001409782324200453 6.888607703091808e-05 -2.1909077212213595e-05 -4.810044329674674e-07 3.654379880207869e-08 -1.7777138131122697e-07
-0.0013945331074879804 8.292796787856161e-05 -1.7537534269229343e-05 7.465458755853089e-07 8.94189614553801e-09 -2.2902123018276428e-07
-0.0013787220862011352 9.599541587601977e-05 -1.148475831372357e-05 1.6899795831465668e-06 1.942006772631371e-09 1.7248582449245063e-08
-0.0013623545667396505 0.00010793429343526247 -4.365128459033878e-06 2.0182984881070356e-06 2.0639360257876394e-08 2.8911762759435424e-07
-0.0013454373543083152 0.0001186037904253447 3.111538084501591e-06 1.6394330928985674e-06 4.6835569612874e-08 -3.4609494381153055e-09
-0.0013279793586104325 0.0001278773312629199 1.0211010108952098e-05 7.22160355079834e-07 5.7481817551616717e-08 -1.1694740978825804e-07
-0.001309990068942721 0.00013564562740836595 1.6248564591101645e-05 -3.765387624848763e-07 4.7000444378066175e-08 -2.915113305156158e-07
-0.0012914805757336478 0.0001418168925871205 2.065486101106834e-05 -1.2496635297912317e-06 2.877328284511872e-08 2.784196379707246e-07
-0.0012724620820075486 0.00014631948925476415 2.303104750705503e-05 -1.5890939194235879e-06 2.1945854938918506e-08 -4.8774699768940935e-08
-0.00125294853191905 0.00014909992600903608 2.318285091469122e-05 -1.2934217219148554e-06 3.093851055751871e-08 -1.2422085325239027e-08
-0.0012329534111092076 0.00015012723767602392 2.1138498866317565e-05 -4.939036487560647e-07 4.6764699703476085e-08 -1.04515988970964e-07
-0.0012124915690236617 0.00014939141221088754 1.7140421894375767e-05 5.026753807869111e-07 5.51020979763968e-08 4.770180784474575e-08
-0.0011915782346785897 0.0001469049155957037 1.1618515825191427e-05 1.3328598004601835e-06 5.099380159878359e-08 1.466487669792487e-07
-0.001170229480327162 0.0001427022127250011 5.144422841007738e-06 1.7095530237339152e-06 4.150876389491506e-08 -1.4145875145619378e-07
-0.0011484622108950374 0.0001368397861507998 -1.6265385369536655e-06 1.5214838898600087e-06 3.773092455451856e-08 -4.83908068341557e-09
-0.0011262923381247733 0.00012939763421928433 -8.019235403827903e-06 8.652232236491696e-07 4.5512230707221085e-08 -1.899671172767509e-07
-0.0011037364664205622 0.00012047651878208659 -1.3406127637684118e-05 -4.840576545824174e-10 5.8637841323993654e-08 -1.9016149925643884e-07
-0.001080810106003625 0.00011019857871496564 -1.7266346399434954e-05 -7.551843210716013e-07 6.713143421820888e-08 -1.7144890686628264e-08
-0.0010575283765355008 9.87047428149796e-05 -1.923550558920441e-05 -1.1353458721231378e-06 6.584137343444367e-08 2.5997434358914085e-07
-0.0010339060904584348 8.615222971729049e-05 -1.913929736261619e-05 -1.0263744732529423e-06 5.845944440895298e-08 -1.3100758434347793e-07
-0.0010099592075883137 7.271037990517608e-05 -1.700906716887108e-05 -4.967653334699254e-07 5.233475855983854e-08 -1.3610177036850078e-07
-0.0009857028020014021 5.8559995835066406e-05 -1.30744625015233e-05 2.3682857432055115e-07 5.4083309914150215e-08 -1.8327741086274815e-07
-0.0009611534414669053 4.3887583435202774e-05 -7.74020338378872e-06 8.946019209618494e-07 6.20482522327814e-08 5.9448811775196686e-08
-0.0009363285358104264 2.888306041684916e-05 -1.5434632389796414e-06 1.2384512933457765e-06 6.988152151789318e-08 1.678310030615171e-07
-0.0009112473209154802 1.3735540493982215e-05 4.899853302895472e-06 1.1559314216418928e-06 7.176626271432808e-08 -3.9140136779285964e-07
-0.0008859311731730583 -1.3696481914035227e-06 1.0956642463174164e-05 6.950519085437602e-07 6.711727178184016e-08 -4.371954860159087e-07
-0.0008604007245346294 -1.6250401370381215e-05 1.6041265004019476e-05 4.0454122549322034e-08 6.262309957261401e-08 -1.7609766429442504e-07
-0.0008346775491716753 -3.073201864037042e-05 1.9671028007478188e-05 -5.605045194077069e-07 6.319661663211275e-08 9.530820007751437e-08
