-4.545496614238467e-05 -2.512062749795389e-05 -1.4440788623264054e-05 -9.677053232533638e-06 -6.444852066792616e-06 -3.832631461477679e-06 -0.045433748845728573 -0.024986155616515755 -0.013865600495863868 -0.008183429614047529 -0.003623555977602066 0.0002507032526700469
-9.03147310944012e-05 -4.9289245726643645e-05 -2.7173764250060757e-05 -1.532763428928444e-05 -6.300468226027635e-06 -4.1116494018049754e-07 -0.044831492687772534 -0.023879963187648002 -0.011504009213242383 -0.0028869626571449577 0.003682575621765567 0.004904425858254307
-0.00013457606146169158 -7.221652316481894e-05 -3.698080068589012e-05 -1.5107479981085115e-05 -5.069394690250934e-07 1.9546560623166787e-06 -0.044226100662561184 -0.022492024327192245 -0.008058172130242056 0.003182142005735715 0.006778680092732165 -0.0017254121742190725
-0.0001782380011307407 -9.363328576972662e-05 -4.294941346670846e-05 -9.380793343310254e-06 5.0511450709636465e-06 -6.378445503141375e-07 -0.04361984950956932 -0.020844223143932944 -0.0038824445157970016 0.007795751158327262 0.0034088561319636527 -0.002373613174152123
-0.00022130037347021928 -0.00011329159657200723 -4.455755261235825e-05 -4.831342505632388e-07 5.421695445951861e-06 -9.57055617657251e-07 -0.04301351850137924 -0.018959389747416042 0.0006026811603207595 0.009357959686872346 -0.0026142002222418166 0.002120188033695777
-0.00026376232746961486 -0.00013096637892430854 -4.171906368494542e-05 8.216813492059067e-06 9.072196721654177e-07 1.0368874456232137e-06 -0.04240643360208611 -0.016861834151142605 0.004952577443748413 0.007451611203863902 -0.00556834903151975 0.0010768444740553561
-0.00030562251730330736 -0.00014645949714567124 -3.4785202206859465e-05 1.3583396644737439e-05 -3.851547691593343e-06 7.251089930228641e-07 -0.04179810036483514 -0.014579780221452628 0.008742950417616323 0.0029322187457175622 -0.0031830380785991047 -0.0014739815272549752
-0.0003468797086345128 -0.00015960314114758084 -2.4503341748514035e-05 1.383520204139788e-05 -4.564114922038344e-06 -3.5554840102503125e-07 -0.041188630443530744 -0.012144647511362832 0.01161101672195482 -0.0024420938819320758 0.0017515329808165266 8.577503851509938e-05
-0.00038753304198384144 -0.00017026079381238595 -1.193772535302357e-05 9.123313701949183e-06 -1.0884540109453973e-06 -2.363169880812309e-07 -0.04057839871971569 -0.00958862549208348 0.013289884456472088 -0.006688897541954874 0.004504957657147351 -0.00020766276777166003
-0.00042758259708349866 -0.00017832749583737492 1.63983660931368e-06 1.3836069895930963e-06 2.9503445165640656e-06 -1.1064984731083412e-07 -0.03996834410523478 -0.006943968645636385 0.01363344856509247 -0.008328401025566725 0.0028794386451280163 0.0003757022150713197
-0.00046703005469729656 -0.00018373025087465536 1.4877979100028416e-05 -6.448066084981222e-06 3.867003826665649e-06 1.3629318258548173e-07 -0.039360066871508725 -0.004243134330383215 0.012628892779818296 -0.006893356146788305 -0.0011331700830128212 -4.185097229821879e-06
-0.0005058788785457667 -0.00018642855155758344 2.6479500625223783e-05 -1.154313622392311e-05 1.2228501104329472e-06 3.4118251078680296e-07 -0.03875534887187454 -0.001518900451642798 0.010395769382628511 -0.0030483342375663323 -0.003647815638121203 0.0006643956622066243
-0.0005441342763404395 -0.00018641548583145777 3.532769359789992e-05 -1.2195195561710073e-05 -2.1800034813904e-06 -7.613830248114418e-08 -0.0381559327245103 0.0011950606757516677 0.007172221898739995 0.0017048231402376599 -0.002596916699877065 -0.0018063193542934468
-0.0005818026971007337 -0.00018371841887052136 4.059297415821083e-05 -8.381250792882328e-06 -3.2049858301555697e-06 -6.5325796060147e-07 -0.03756305831778367 0.0038646114840154375 0.0032897547930693227 0.00560898613518771 0.0006417884563508765 0.0011381468315629943
-0.0006188908532669049 -0.00017839845061356872 4.180956959329999e-05 -1.6891820861565337e-06 -1.229569806844868e-06 2.458020000845777e-07 -0.03697698790921726 0.006456371303385217 -0.0008608460467469643 0.007297413040395599 0.0029018167597854873 -5.3669748566190266e-05
-0.0006554044666798364 -0.00017054874463524595 3.891532337308812e-05 5.331871150506287e-06 1.6069909626385994e-06 4.282769603528257e-08 -0.03639673027897618 0.008938835545096138 -0.004868759756985246 0.006267577576576487 0.0022822179504346776 -0.00026034262014122667
-0.0006913475841258688 -0.0001602930676784515 3.225129689657673e-05 1.0136309435920852e-05 2.6578426897291352e-06 2.0749108942962545e-07 -0.03582061023134649 0.011282155572036611 -0.008343722060948923 0.0030207326625841515 -0.0003070416150395215 0.0008413829879845572
-0.0007267219960772981 -0.0001477837182383777 2.2522009910006178e-05 1.1099946813253678e-05 1.2015005027497482e-06 3.057966194544351e-07 -0.035246371852649686 0.013458737116463313 -0.010953798900909337 -0.001166353920573382 -0.0023041731118119925 -0.0008566345774067997
-0.0007615276185784763 -0.00013320029704761387 1.0720969409251886e-05 8.061662910257937e-06 -1.1492871965946774e-06 9.064041151277488e-09 -0.03467214130104173 0.015442389751698912 -0.012456728041550014 -0.004738963348461202 -0.0019933592493670497 0.0008104855769702808
-0.0007957631606306879 -0.00011674798511524292 -1.970747493712752e-06 2.311448866388105e-06 -2.1788278966222806e-06 -2.0678329105897777e-08 -0.03409671211041688 0.01720880890621642 -0.012722069491180637 -0.006438459267977766 6.326108748242956e-05 -0.0013393428233036094
-0.0008294266060073018 -9.865481630403502e-05 -1.4302557232868607e-05 -3.944734096279613e-06 -1.1268970070839753e-06 -7.031119264254098e-07 -0.03351935959964328 0.018736565025030173 -0.011742119792033524 -0.005742388596256507 0.0018090798315877135 0.00016891538954990346
-0.0008625155529361228 -7.91683956612779e-05 -2.507757849317352e-05 -8.425401906931812e-06 8.084010398008555e-07 -5.203253303083162e-07 -0.03293969872837773 0.020007637555713588 -0.00963095088378661 -0.0030180659925834754 0.0017180210033458465 -0.0005080473815711877
-0.000895026825376394 -5.855163247770152e-05 -3.326872622849412e-05 -9.600722115055144e-06 1.7842287139634761e-06 -2.844993143464615e-08 -0.03235695597692236 0.02100837413841743 -0.006611420383053131 0.000652925677197097 9.702058710367147e-05 0.0015222146431891526
-0.0009269561888963282 -3.707909386601301e-05 -3.8116709168159376e-05 -7.208566146206669e-06 1.0421028817065167e-06 5.986922667895148e-07 -0.03177007396063748 0.021728846353054873 -0.002991993070337295 0.0038995192072665092 -0.0014143596152199464 -0.0007416406668060503
-0.0009582978050495686 -1.5033221743557652e-05 -3.920033300429204e-05 -2.287645449668232e-06 -5.453095540915215e-07 1.0018938463500476e-07 -0.031177450096767784 0.022162962463548583 0.0008647486141913147 0.005570413226167135 -0.0014750052428913 0.00039712082512643684
-0.0009890439870378072 7.299153903212463e-06 -3.647280570429076e-05 3.2605050183868024e-06 -1.4553132985840352e-06 -4.1342524794665846e-07 -0.030577237837986517 0.022308148735514805 0.00457826229318821 0.005138982878498149 -0.00020702007577293988 -0.0018880974530318506
-0.0010191847960024092 2.963101535734428e-05 -3.0260644492393967e-05 7.399856315437155e-06 -9.572115224535878e-07 -1.090437064710452e-06 -0.0299671874152094 0.02216603711146679 0.007787769051377873 0.0028631697299077914 0.0010933352942059144 0.0006677486774553141
-0.0010487082623644307 5.1678912995290076e-05 -2.1226220086322342e-05 8.701099647005676e-06 3.30535505479787e-07 -2.0976519859594046e-07 -0.02934527065935503 0.02174199644304535 0.010187113193146203 -0.0003459828534461613 0.0012590516896535675 0.00019435367378392826
-0.0010776005324546027 7.316713630981577e-05 -1.0297601479557648e-05 6.8282961991079685e-06 1.159933183568952e-06 -2.0345696596178696e-07 -0.02870960629047919 0.021045521653345473 0.011554287079618067 -0.00328448298307348 0.00028170708625254923 -0.0005055594151111516
-0.0011058468998970921 9.383045915428278e-05 1.4263121178279747e-06 2.607359719522128e-06 8.46495147251225e-07 -2.3356829379919956e-08 -0.028059344234914237 0.02008878914384906 0.011771653028412528 -0.004904138009293853 -0.0008244316535361506 0.0010279339230886545
-0.0011334321917026724 0.0001134177366649938 1.278666863492446e-05 -2.327139645646734e-06 -1.8684442906437596e-07 5.326069739808618e-07 -0.027394020469502577 0.018887486506979675 0.010836573099826635 -0.004682536083925022 -0.0010541178517147168 -0.0001124144171392432
-0.001160341347956553 0.00013169454852890477 2.26794724383004e-05 -6.160105957312309e-06 -9.250447282536362e-07 5.022798866507012e-07 -0.026713750463606183 0.017459841169857684 0.008859642376186081 -0.002786510205774222 -0.0003107169457290587 0.0005979387495384354
-0.001186559783196207 0.00014844554694035735 3.0162934536159233e-05 -7.559307074118786e-06 -7.43002205169674e-07 2.4293486704523563e-07 -0.026019010877490065 0.01582630990428653 0.006051788384961256 2.082028323876226e-05 0.0006192860243918568 -0.0011128930687584935
-0.001212073036187069 0.0001634771456590301 3.454717229013898e-05 -6.132966022601404e-06 8.32022030723967e-08 -3.257744346277125e-07 -0.02530992823405561 0.014009903214636885 0.0027019578869108226 0.0026837518443115433 0.0008798039469169059 0.00043056062154019797
-0.0012368664982164122 0.00017661947924073828 3.5457298440088204e-05 -2.5265717250801733e-06 7.344533275020194e-07 -3.8097191301787124e-08 -0.024586357456866353 0.012035442367310278 -0.0008529174040139498 0.004248535261934609 0.00031973648782181554 -0.0002484701448248831
-0.0012609248480367542 0.00018772836025109533 3.286480328226563e-05 1.859346080035362e-06 6.496703172337314e-07 1.3748621920930326e-07 -0.023847588700437735 0.009929544961741497 -0.004261518178266078 0.004202832953029971 -0.00045808989393617027 0.00077743158656466
-0.0012842322476877526 0.00019668600427040785 2.708419799554225e-05 5.410237962651542e-06 -3.708787230773986e-09 3.962486924297607e-08 -0.023093107964722685 0.007719386907835569 -0.007193061303935802 0.0026394075893173483 -0.0007304621247910518 -0.00134633482099027
-0.0013067723040021827 0.0002034022041535608 1.8736820268809136e-05 6.8902613448169195e-06 -5.686420801535954e-07 -4.2585158043575296e-07 -0.022322362856974528 0.005433144679124188 -0.009368661797662449 0.0001940982204827412 -0.0003156167158641385 0.0008369134099677753
-0.0013285284245093806 0.00020781511415892556 8.685347478062195e-06 5.869783968156195e-06 -5.47095130386833e-07 2.1633025050290833e-07 -0.02153515681133008 0.003099599824691421 -0.010587649409966884 -0.0022097572674033153 0.00032987393172334383 -4.775432446677431e-05
-0.0013494838489722827 0.0002098923787633306 -2.053749837462113e-06 2.8414456746910644e-06 -2.6364946086614493e-08 2.9569681149766527e-07 -0.020731324816395183 0.0007484768382840755 -0.01074547640425343 -0.0037082557739544376 0.0005985482641716804 0.0004643491547563919
-0.001369622623016844 0.00020963064092715595 -1.2412179391538607e-05 -1.0027396605325652e-06 4.6916757074786867e-07 2.8348216517696494e-07 -0.01991167506279184 -0.0015911758740259681 -0.009843192003564845 -0.003806258599286608 0.00029339451293532154 -0.00047412609713107625
-0.0013889294662555133 0.0002070561976780176 -2.1374435678297e-05 -4.235209959932093e-06 5.014302983560093e-07 -1.9372866680988707e-07 -0.019076883796171507 -0.0038898416990173247 -0.007984877563585315 -0.0025375657823273317 -0.00024402783020079604 -0.0003138445910067666
-0.0014073901300624043 0.0002022243634151154 -2.8076310836545888e-05 -5.719335157585759e-06 9.974760017474947e-08 3.4544030345397587e-10 -0.018227984761629637 -0.006118825334804803 -0.005366563071528266 -0.00042724002920131515 -0.0005060846359425715 0.0007568671146244836
-0.0014249911363366497 0.00019521911679710105 -3.188690454670894e-05 -5.005026067619655e-06 -3.220521759857013e-07 2.5589422731908385e-07 -0.0173657504231097 -0.008249966688336031 -0.0022554594950041054 0.0017219724001488789 -0.0002929372513113652 -0.0005319131209148018
-0.001441720121982235 0.00018615126876274417 -3.246750847226221e-05 -2.4579009292906484e-06 -3.8356449096268996e-07 -7.74465218825776e-08 -0.0164912974392934 -0.010257109587213674 0.0010363447210833183 0.0031322870850687065 0.0001453713353626651 0.00014498184554830604
-0.0014575659358361495 0.0001751566224089812 -2.9800997379388344e-05 9.121131092073593e-07 -7.37971265640873e-08 -1.5709313405640474e-07 -0.015605839171897451 -0.012116098262916281 0.004183145493349886 0.00333030369638373 0.00038853283703133327 -0.0005581464471145726
-0.0014725183546652882 0.00016239431057972945 -2.4188955381867523e-05 3.846492093176463e-06 2.8545437404242665e-07 -3.9928085437933453e-07 -0.014710304916596723 -0.013804588923888514 0.006878071915920268 0.0023031966242679524 0.0002432622272180297 9.569871551692866e-06
-0.0014865686383282648 0.00014804383888514998 -1.6218064520085387e-05 5.3041811514641096e-06 3.682712904631902e-07 -2.0826020749828857e-07 -0.013806178722050234 -0.0153033268545535 0.008862455982273783 0.0004808635972916517 -0.00011293989032801839 5.564986635093745e-05
-0.0014997095645291033 0.00013230279137720557 -6.698125619694181e-06 4.82730335943255e-06 1.3728651529230344e-07 -1.1347075569393125e-07 -0.01289497913513293 -0.016595468557278163 0.00995139037852056 -0.0014400400734805008 -0.00033568375828507474 -8.803245808436009e-05
-0.0015119360661212818 0.0001153836467562342 3.420711390668254e-06 2.6787532118731905e-06 -1.5916301063522465e-07 -3.3375962103960794e-07 -0.0119788614644269 -0.017667451912645037 0.010050592980560866 -0.0027604911166580143 -0.0002434235074169406 -0.0006040343000500634
-0.0015232454177492366 9.751105565823552e-05 1.31437718206254e-05 -2.867315161279309e-07 -2.448640632857906e-07 1.8398847970053032e-07 -0.011060167225230219 -0.01850851737983274 0.009164804408614948 -0.003031378593588136 4.0746421074744766e-05 0.0019207800559952757
-0.0015336370181789996 7.891938969962125e-05 2.1530787816341527e-05 -2.9589720789509805e-06 -6.636004695515318e-08 1.1070959937019543e-06 -0.010141019987303025 -0.019110420430308358 0.007395981872948429 -0.0022037554823933084 0.00023721137523702578 -0.0003598268120140011
-0.0015431126342794824 5.9849142571262754e-05 2.7787020111905444e-05 -4.38546247100469e-06 1.8564691324867966e-07 2.449427837322561e-07 -0.009223786845142287 -0.019468557813022855 0.004930855439840078 -0.0006279564591887142 0.00017879762151851207 -0.0006704966418887618
-0.001551676911133935 4.054282258027753e-05 3.1338047325711875e-05 -4.108100383701491e-06 2.76031163688304e-07 -1.6027096840914244e-07 -0.00831134438457292 -0.019582450565221603 0.0020206915154445944 0.0010917437034509252 -5.291203132603813e-05 0.00015057525032479585
-0.0015593356633835844 2.124364435742451e-05 3.188349754944307e-05 -2.3043500183513968e-06 1.437811170605039e-07 -6.231981066389753e-08 -0.007404860868305406 -0.01945293378723763 -0.0010426643573856124 0.002328331859389962 -0.00022861670901172895 -0.00018445718362106503
-0.001566096223869864 2.1914273348568485e-06 2.9420987370092486e-05 3.066649319758975e-07 -6.531690692011109e-08 1.851304660289677e-07 -0.006505852849868994 -0.019084926624513613 -0.003958079105742956 0.002658437013964099 -0.00019793073473085127 0.0008257464784473881
-0.0015719673484560232 -1.6380618710100123e-05 2.424103767542928e-05 2.7492267112400698e-06 -1.5436614575908813e-07 4.591830919263578e-07 -0.00561574150391328 -0.01848652394405844 -0.006444195886478488 0.0020056296526284683 -1.3577603236425732e-05 -0.00038082774191243343
-0.0015769588671203422 -3.424852416719622e-05 1.6893857907652832e-05 4.154984203324943e-06 -5.75387328562517e-08 1.71320275674331e-07 -0.004735599031601815 -0.01766839513483884 -0.008266191011620858 0.0006514207299024685 0.00014071047692378708 0.00022170615218408967
-0.0015810817527358806 -5.120030527352239e-05 8.131282408612377e-06 4.070448182351727e-06 1.1671805696164159e-07 -5.684171790482035e-09 -0.0038665662084669053 -0.016643881980328616 -0.009257971903633129 -0.0008836291803327322 0.00013014561000164807 -0.0006960921045083117
-0.0015843474304225245 -6.703744834210124e-05 -1.1690664040612626e-06 2.600427130493442e-06 2.0457921023932576e-07 -8.309452343171102e-08 -0.003009093300092705 -0.015427726550240585 -0.009336340114986087 -0.0020387515627828803 -1.5813463574108726e-05 0.0007972396890289705
-0.0015867679328614148 -8.157712967682191e-05 -1.009121079339276e-05 3.429674492472785e-07 1.3943781320446027e-07 4.2206881087411084e-07 -0.0021637857410395575 -0.014036793537839362 -0.008508334787742239 -0.0024173220765108154 -0.00015095095211867813 -4.5735118601819644e-06
-0.0015883554331231886 -9.465351946800917e-05 -1.7770099145524558e-05 -1.8500216776782682e-06 -4.993066729453708e-10 4.954073342049841e-07 -0.0013307819141611006 -0.012489145068525404 -0.006868637499812086 -0.0019215549511025559 -0.0001566111920566866 0.0005579232864555111
-0.0015891227652927058 -0.00010612016137809274 -2.347560219007613e-05 -3.1924866776922226e-06 -8.120703375668818e-08 5.530306509424209e-07 -0.0005107405613757297 -0.010805102364263106 -0.004590034947767576 -0.0007736571789054222 -4.5106827585065633e-05 -0.00027677064445022774
-0.0015890826202318807 -0.00011585068974020576 -2.6681225350059218e-05 -3.2441568076712706e-06 -3.87810452121519e-08 2.185790310201403e-08 0.00029648354380364117 -0.009005577167394863 -0.0019045454091882255 0.0005803139240711896 6.923664472648517e-05 -0.00048790820311432506
-0.001588247941883775 -0.00012374100014654697 -2.711331158010418e-05 -2.0527997423009205e-06 7.159964561850403e-08 -1.384385156774917e-07 0.0010906394856507913 -0.007113512802888359 0.000918748182801694 0.0016415888535241526 8.37432137774602e-05 0.0002891985896016759
-0.0015866312171224318 -0.0001297098847249998 -2.477394332931022e-05 -1.1296958834857378e-07 1.4114122188932934e-07 -1.8831701029029692e-08 0.001872186207952313 -0.005152343322401706 0.0036014108678473124 0.002041676023318716 -9.032872096107099e-07 -0.00032534644483165004
-0.0015842449837745241 -0.0001337009794795123 -1.9937610579416815e-05 1.8340239078014136e-06 1.1123190116051993e-07 1.4090072149780141e-07 0.0026410747962433666 -0.0031472945164852002 0.005881989389834252 0.001668571082952648 -9.568912843631295e-05 0.0008479714369828177
-0.0015811020891160121 -0.000135683891283509 -1.3120677354780399e-05 3.079889453833025e-06 1.993063040729868e-08 2.730469610139812e-07 0.0033969979682821824 -0.0011245556117034441 0.0075419637251283 0.0006950940693437532 -0.00011349945665423155 -0.0008632726025269921
-0.0015772156258471452 -0.00013565457267026513 -5.027020569137066e-06 3.2039455720086805e-06 -4.378311156592756e-08 -2.628863472429738e-07 0.004139712486859699 0.0008894760516148618 0.008427099498581739 -0.0004970917081227994 -4.696653516692104e-05 0.0001315439522709598
-0.0015725994170271913 -0.0001336358037245442 3.523815146187442e-06 2.2114291077648965e-06 -2.661123481712446e-08 -2.096548380143867e-07 0.004868490445986008 0.0028680908678197746 0.008461518434058665 -0.0014655780281000192 3.412256412388924e-05 -0.000376290714343459
-0.0015672668535800282 -0.0001296754059742958 1.1680261266947443e-05 5.119775587163079e-07 4.6730192707759936e-08 -5.842252676405849e-07 0.005583766009275206 0.004786525880643138 0.007655435977036655 -0.0018694040092764206 5.611376619213014e-05 -0.0006717437066223403
-0.0015612320710589255 -0.000123846974009654 1.8642118756313755e-05 -1.2480270885006434e-06 1.0314225398350428e-07 -7.175101421704767e-07 0.006284797055134718 0.006619449208448341 0.0061007400048861135 -0.0015884333542569174 5.610398221828419e-06 4.806322744186622e-05
-0.0015545088228765907 -0.00011624746238308022 2.3739494015992635e-05 -2.429605536498999e-06 9.349558547574267e-08 -2.7683701679381e-07 0.006971967826099594 0.008344092568148852 0.003962542637616122 -0.0007552691839026755 -6.306065043572458e-05 0.000329481576228835
-0.0015471104097920284 -0.0001069958462716116 2.649643256689359e-05 -2.6315597514083945e-06 3.344144283859908e-08 4.745976420633534e-08 0.007645732983283891 0.009939167960550489 0.0014605419636499715 0.0003041109318776035 -8.601664381596881e-05 2.791093028072086e-05
-0.0015390501279016725 -9.623209530324167e-05 2.667379606575806e-05 -1.8243388207493938e-06 -1.9114821627639974e-08 9.218211025468907e-08 0.008306099332760688 0.011384547690426284 -0.001154088512760199 0.0011970018947469801 -4.8241986898398155e-05 7.3440048079699e-05
-0.001530340850153496 -8.411475545897389e-05 2.4288855554557486e-05 -3.43131241152693e-07 -2.026287458087879e-08 1.9191260528959022e-07 0.008953491970400549 0.01266264233327265 -0.003623199377859024 0.0016091829775253166 1.0035751851796785e-05 0.0001907170529315918
-0.0015209946055834097 -7.081824296754091e-05 1.9609434861758065e-05 1.250167290036637e-06 2.314163362001462e-08 3.878966621352919e-07 0.009588756491011395 0.013758671868787696 -0.005707080812185721 0.0014144540569144713 3.573133333392318e-05 0.00036072506170869273
-0.0015110226971388411 -5.653046808067372e-05 1.3123336910610792e-05 2.3798634939966608e-06 6.591215538426443e-08 4.5642296302974066e-07 0.010212620584678998 0.014660320407913558 -0.007207902449957491 0.0007109762423616797 1.1120384489019062e-05 -4.685957291612102e-05
-0.001500435789194505 -4.14501166781193e-05 5.487083219779292e-06 2.6642032119389336e-06 6.954523045500881e-08 2.1281100910692337e-07 0.010825724349436773 0.015358061464795037 -0.007988048032636835 -0.00022471833651232804 -3.4788642071957024e-05 -0.00017988594477485846
-0.001489243786642598 -2.578340780659089e-05 -2.5404857730957643e-06 2.043414568289599e-06 3.572215073658983e-08 2.0703564937489204e-07 0.011428828633670673 0.01584566198130008 -0.007982089396583073 -0.0010457245638079695 -5.788220235536205e-05 0.00041433940163564196
-0.0014774551398683085 -9.740061651616499e-06 -1.0172843932532949e-05 7.85856114336443e-07 1.7773873705200483e-10 -2.478895427420561e-07 0.012023388863316779 0.016120947108453146 -0.007201373173846663 -0.0014628733328133072 -3.994986231797338e-05 -0.0016952093875633595
-0.001465077549527852 6.468935456923952e-06 -1.667317428295999e-05 -6.249868876344221e-07 -4.90044191649411e-09 -9.503669157480048e-07 0.012610155780608052 0.016183987226959178 -0.00573294199258415 -0.0013466949485822976 -2.9550257928160316e-06 0.000430261922505888
-0.0014521174437036124 2.2635054854119862e-05 -2.142464710236383e-05 -1.6749509175891497e-06 2.118063232358121e-08 1.2234279383278367e-07 0.01319040260763879 0.0160385646212093 -0.003728832703991097 -0.0007657490043705391 1.740500918026404e-05 0.0011964554497072254
-0.0014385784114261334 3.855664689584569e-05 -2.3987458760644923e-05 -2.0053694594752356e-06 5.2558756063733256e-08 4.487570378010657e-07 0.01376696810802493 0.015692843680670955 -0.0013898517028723008 4.796795457771494e-05 5.809697684443487e-06 -0.0009067741052818956
-0.0014244651546907337 5.403660926402917e-05 -2.4142602718628177e-05 -1.5363261511518303e-06 5.9191093558833624e-08 -2.489846872623569e-07 0.014338740415479223 0.015152625964776963 0.00105001545146704 0.0007886231430099125 -2.564013640922935e-05 -6.210216118664961e-05
-0.001409782324200453 6.888607703091808e-05 -2.1909077212213595e-05 -4.810044329674674e-07 3.654379880207869e-08 -1.7777138131122697e-07 0.014905771556864466 0.014427354511464367 0.003351297146903671 0.0011927338904944114 -4.58116315239631e-05 -2.3520653764105316e-05
-0.0013945331074879804 8.292796787856161e-05 -1.7537534269229343e-05 7.465458755853089e-07 8.94189614553801e-09 -2.2902123018276428e-07 0.01546952476980945 0.013529946370607325 0.005292516129377375 0.0011321052341055878 -3.5942543703015514e-05 -0.0003313720447429003
-0.0013787220862011352 9.599541587601977e-05 -1.148475831372357e-05 1.6899795831465668e-06 1.942006772631371e-09 1.7248582449245063e-08 0.016028607104136443 0.012471686044788342 0.006688278899015765 0.0006519006902954228 -8.933103964318088e-06 0.0008779097720951127
-0.0013623545667396505 0.00010793429343526247 -4.365128459033878e-06 2.0182984881070356e-06 2.0639360257876394e-08 2.8911762759435424e-07 0.01658229488533941 0.01126630171453693 0.00741009961347746 -5.268105837716048e-05 9.429229038931085e-06 -0.0006590028790371943
-0.0013454373543083152 0.0001186037904253447 3.111538084501591e-06 1.6394330928985674e-06 4.6835569612874e-08 -3.4609494381153055e-09 0.01712909086399778 0.00992801680606914 0.0073970504332229545 -0.0007148906366208395 3.198120468085857e-06 0.00047956089506752137
-0.0013279793586104325 0.0001278773312629199 1.0211010108952098e-05 7.22160355079834e-07 5.7481817551616717e-08 -1.1694740978825804e-07 0.017666892621742293 0.008471882486501964 0.006661169018233194 -0.001096145188679079 -2.0184806264755828e-05 -0.001088559351324801
-0.001309990068942721 0.00013564562740836595 1.6248564591101645e-05 -3.765387624848763e-07 4.7000444378066175e-08 -2.915113305156158e-07 0.018195122273011056 0.0069158958236577445 0.005286691136909279 -0.0010702780136469968 -3.801500519568261e-05 0.0010445937371551485
-0.0012914805757336478 0.0001418168925871205 2.065486101106834e-05 -1.2496635297912317e-06 2.877328284511872e-08 2.784196379707246e-07 0.018712180964238094 0.005278158344744419 0.0034186284566581964 -0.0006647656535201637 -3.651384628518446e-05 -0.00043513603551900487
-0.0012724620820075486 0.00014631948925476415 2.303104750705503e-05 -1.5890939194235879e-06 2.1945854938918506e-08 -4.8774699768940935e-08 0.019217957941220547 0.003579292900915576 0.0012491366471366148 -4.27804172384123e-05 -1.9917894245215575e-05 2.5664609025060313e-05
-0.00125294853191905 0.00014909992600903608 2.318285091469122e-05 -1.2934217219148554e-06 3.093851055751871e-08 -1.2422085325239027e-08 0.01970971516043211 0.001837802720678336 -0.0010054180529939683 0.0005606445833335793 -7.206334820888515e-06 -4.892706371482881e-05
-0.0012329534111092076 0.00015012723767602392 2.1138498866317565e-05 -4.939036487560647e-07 4.6764699703476085e-08 -1.04515988970964e-07 0.02018791317089219 7.64326148851649e-05 -0.003121686738845847 0.0009289330596078688 -8.388603559599233e-06 -0.0002401479562783586
-0.0012124915690236617 0.00014939141221088754 1.7140421894375767e-05 5.026753807869111e-07 5.51020979763968e-08 4.770180784474575e-08 0.0206511909801096 -0.0016837801133369086 -0.004895409285200096 0.0009393039207072117 -2.1443581487818296e-05 0.0006075542222785347
-0.0011915782346785897 0.0001469049155957037 1.1618515825191427e-05 1.3328598004601835e-06 5.099380159878359e-08 1.466487669792487e-07 0.021099171590234656 -0.0034204142808272227 -0.006158704830328076 0.0006037979329876373 -3.310133065617541e-05 -0.0006854022161199265
-0.001170229480327162 0.0001427022127250011 5.144422841007738e-06 1.7095530237339152e-06 4.150876389491506e-08 -1.4145875145619378e-07 0.021531014614620952 -0.005111667777865429 -0.0067969606254015295 5.8030323635526945e-05 -3.382921619384492e-05 0.0003693301746571648
-0.0011484622108950374 0.0001368397861507998 -1.6265385369536655e-06 1.5214838898600087e-06 3.773092455451856e-08 -4.83908068341557e-09 0.021945890362227306 -0.006735859335869308 -0.006758405963282374 -0.0004931943871192765 -2.531954725151688e-05 -0.0004168943029413696
-0.0011262923381247733 0.00012939763421928433 -8.019235403827903e-06 8.652232236491696e-07 4.5512230707221085e-08 -1.899656271606315e-07 0.022344794279662836 -0.008269957173866561 -0.00605677087044677 -0.0008523637845183358 -1.6708227681634658e-05 6.271091460419544e-05
-0.0011037364664205622 0.00012047651878208659 -1.3406127637684118e-05 -4.840576545824174e-10 5.8637841323993654e-08 -1.9016149925643884e-07 0.022727036595492155 -0.00969381617021603 -0.004771498058494217 -0.0009012100212838717 -1.805105984811371e-05 -0.00035550576151628524
-0.001080810106003625 0.00011019857871496564 -1.7266346399434954e-05 -7.551843210716013e-07 6.713143421820888e-08 -1.7144890686628264e-08 0.02309371366057002 -0.010986812621429396 -0.0030363767403792288 -0.0006381233978418341 -2.799045414440598e-05 0.0007433380243063665
-0.0010575283765355008 9.87047428149796e-05 -1.923550558920441e-05 -1.1353458721231378e-06 6.584137343444367e-08 2.5997434358914085e-07 0.023445218354382246 -0.012131031620668333 -0.0010276917428675807 -0.0001738768248968443 -3.8238491042653054e-05 -0.0004898627388698392
-0.0010339060904584348 8.615222971729049e-05 -1.913929736261619e-05 -1.0263744732529423e-06 5.845944440895298e-08 -1.3100758434347793e-07 0.023781860191924176 -0.013111164100202868 0.001053836297651609 0.00031406922849778855 -4.09433561771597e-05 -8.803583380813688e-05
-0.0010099592075883137 7.271037990517608e-05 -1.700906716887108e-05 -4.967653334699254e-07 5.233475855983854e-08 -1.3610177036850078e-07 0.024102494724662252 -0.013916149957847429 0.0030020328701192735 0.0006484849857317562 -3.6111327822747376e-05 -7.634250435355639e-05
-0.0009857028020014021 5.8559995835066406e-05 -1.30744625015233e-05 2.3682857432055115e-07 5.4083309914150215e-08 -1.8327741086274815e-07 0.024408009853414302 -0.014535662293571113 0.004628061202288038 0.0007174679041289525 -2.8261354704169593e-05 -0.0002074384372536594
-0.0009611534414669053 4.3887583435202774e-05 -7.74020338378872e-06 8.946019209618494e-07 6.20482522327814e-08 5.9448811775196686e-08 0.02469691501420917 -0.01496517455870235 0.005775300641428491 0.0005099600917378121 -2.574266885859702e-05 0.0007148654787952659
-0.0009363285358104264 2.888306041684916e-05 -1.5434632389796414e-06 1.2384512933457765e-06 6.988152151789318e-08 1.678310030615171e-07 0.024968371216412655 -0.015202475789154252 0.0063368028717503124 0.00011591834137584384 -3.0267522614021557e-05 -0.0008088899050031715
-0.0009112473209154802 1.3735540493982215e-05 4.899853302895472e-06 1.1559314216418928e-06 7.176626271432808e-08 -3.91402857908979e-07 0.025220556063025833 -0.015249569866562143 0.006263822477026993 -0.0003118534637891442 -3.798989512044694e-05 -0.0001461925188322587
-0.0008859311731730583 -1.3696481914035227e-06 1.0956642463174164e-05 6.950519085437602e-07 6.711727178184016e-08 -4.371954860159087e-07 0.025451333148841897 -0.015111421188941425 0.005570630503249966 -0.0006156866877610077 -4.271732009954567e-05 -0.00034634603512441334
-0.0008604007245346294 -1.6250401370381215e-05 1.6041265004019476e-05 4.0454122549322034e-08 6.262309957261401e-08 -1.7609617417830566e-07 0.02566145001433566 -0.014792411459476382 0.004334445760204695 -0.0006894216824450388 -4.003240316998672e-05 0.0006955439388991614
-0.0008346775491716753 -3.073201864037042e-05 1.9671028007478188e-05 -5.605045194077069e-07 6.319661663211275e-08 9.530820007751437e-08 0.025849968207645603 -0.014301059557712732 0.002683386508166237 -0.0005161124773955163 -3.467125530028179e-05 -0.0005834719247634935
