-1.8039623412640036e-13 -1.8039623412640036e-13
0.0003229243079153836 7.262351232561098e-05
0.00032081150651505906 7.214204327193095e-05
0.0006226936823573215 0.00015561264514173969
0.0006186543511478302 0.00015457708608357693
0.0009024403433222211 0.0002483124666548294
0.0008966395988455739 0.0002466560926173742
0.0011677433387121637 0.0003465122647228665
0.0011603085788175545 0.00034419773437373866
0.0014198214368760587 0.0004503930597772667
0.001410868874179787 0.0004473827521460499
0.001661230873988736 0.0005582080918498567
0.0016508571150184001 0.0005544767403334374
0.0018942780959971368 0.000668148394334705
0.0018825620688351973 0.0006636834767047175
0.00211807807857516 0.0007823661342334937
0.002105097684590029 0.0007771406558621691
0.002332887520689299 0.0009015089301241474
0.0023187128710702976 0.0008954910258935756
0.00254136827189235 0.0010227689167769038
0.002526051207625622 0.0010159452460652692
0.0027449671501194664 0.0011447644232463474
0.0027285485560470117 0.0011371302884402852
0.0029435209759838613 0.0012682998691974628
0.0029260379747179485 0.0012598438994024083
0.003135931867592578 0.0013955254923273465
0.0031174209116216884 0.001386219888802133
0.003321363292759295 0.0015281829366134115
0.003301858790506965 0.0015179858378600555
0.003500528223621098 0.0016655967628646925
0.0034800577590774475 0.0016544690236881612
0.00367760628241221 0.0018017791373104114
0.0036561804926422956 0.0017897228448251186
0.003854924617134321 0.0019333096520007733
0.003832545821292857 0.0019203506812586733
0.0040336759605272025 0.002058396514847655
0.004010342644214578 0.0020445736460794517
0.004212604746441129 0.0021789219480255577
0.004188319138505223 0.0021642604961933185
0.004388684245311146 0.0022995182294685565
0.004363456634595155 0.002284009358612929
0.0045597381712906915 0.0024236135302140387
0.0045335833434614675 0.0024072223020028542
0.004723625027174308 0.002554568028913764
0.004696562127738416 0.002537232970623608
0.0048800433365618215 0.0026928427057732523
0.00485209127478947 0.002674497214010562
0.005028982406555278 0.002838321510559566
0.005000160029921328 0.0028188984650580236
0.005171142911155606 0.0029897011772522315
0.0051414678303377224 0.0029691426272253126
0.005306748080120187 0.0031463307816099392
0.005276238705304134 0.0031245834589322613
0.005437405720367897 0.0033054802253570316
0.005406077606098208 0.0032825119389632367
0.005564575373886094 0.003464733709883462
0.005532441496689265 0.0034405310609433083
0.005691416448694399 0.0036193487302822254
0.005658481153695472 0.0035939354114426646
0.005818690447227321 0.003768283266076184
0.00578495589558259 0.003741691389599452
0.005946430311747895 0.003911619510146314
0.005911898248042714 0.0038838808831113064
0.006074663533071667 0.004049469039053014
0.006039335070989024 0.004020614937003474
0.006203193371987092 0.004182241338665219
0.006167069913691718 0.0041522999834121424
0.006332892435387729 0.004308799496357072
0.0062959723787376284 0.004277808009221738
0.006464754453242722 0.004427812019205332
0.006427033028480331 0.00439581793289641
0.0066007342445556635 0.00453659031483557
0.006562200181217655 0.004503662616982325
0.006741775769928834 0.004633847600141284
0.0067024147515799045 0.0046000662878140485
0.0068879018142988 0.004719565804266079
0.006847699642858465 0.004685012442534969
0.007037669974252733 0.0047957599672803185
0.006996617624266594 0.0047605017639614595
0.007190567489372251 0.0048631570516053544
0.007148657639909543 0.004827257011605874
0.0073447924281280505 0.004924329223342387
0.0073020236655482055 0.004887831219005175
0.00749874235630294 0.004981620878053736
0.007455118041974064 0.004944551147688445
0.007650193893419118 0.005038308952835768
0.007605723868311361 0.0050006682512658395
0.007798167039684174 0.00509591820125303
0.0077528632839781895 0.005057695513158485
0.007942530350914623 0.005154747302059215
0.007896404399041332 0.005115929456508861
0.008083404981459093 0.005214704094062968
0.008036467516854037 0.005175278591993778
0.00822211615414868 0.005273946234341281
0.008174373388404873 0.005233915299734575
0.00835962606531115 0.005331158936679424
0.008311081051094862 0.005290535219056373
0.008497026839540563 0.005384861828137313
0.00844767891458774 0.005343669893450439
0.008634719581371528 0.0054346032523796385
0.008584566418927658 0.005392871315845171
0.008772131058406378 0.005481373126204306
0.008721171683621834 0.005439121231498226
0.008909201108564496 0.005525410479839977
0.008857434223846975 0.00548265653354246
0.009046817531578436 0.005565562246525636
0.00899423852903535 0.0055223335889213266
0.009184001514156393 0.005603385557223672
0.00913060864778697 0.00555969659652505
0.009320851177573433 0.0056388349131559065
0.009266642117171547 0.005594700477542045
0.009457618257624699 0.005671622616906341
0.009402589573971342 0.005627060218910208
0.009594316310021684 0.005701797429648015
0.009538464185859475 0.005656824640783177
0.009730930328219945 0.005729456423045688
0.009674250509579232 0.00568409063747534
0.009866493726725298 0.0057561165709753125
0.009808984378689791 0.005710363099966153
0.009999890641455705 0.005783543215869171
0.009941552541245083 0.005737393153760715
0.010129354578397066 0.0058144803413404875
0.010070192980028878 0.0057679021225077315
0.01025361380459692 0.0058509322774312955
0.010193636799378729 0.005803877751271521
0.01037090132645748 0.00589560316447472
0.010310121687903418 0.005848001356196289
0.010480409624312096 0.005949695866576869
0.010418842278278752 0.005901465439187876
0.010581307723700445 0.006014365243110179
0.010518970539036712 0.005965414652699093
0.01067389586794569 0.0060889951186264375
0.01061080666431282 0.006039237561120175
0.010758997219342705 0.006172154460868163
0.01069517242849107 0.006121514884387942
0.010837555811971728 0.006262220845152454
0.01077301023037549 0.006210637630704778
0.010910789094747185 0.006357202626061633
0.01084553482109303 0.006304630913579441
0.010978896270118058 0.006456624023796659
0.010912946144992055 0.006403022739192053
0.011042989857851088 0.00655870603780628
0.01097635406796566 0.006504049144159884
0.011103231853490592 0.0066630799775388065
0.01103592116312473 0.006607344452555628
0.011159842329137182 0.006769296939886271
0.011091867800150094 0.006712463520001199
0.011213512768026093 0.006876247789208616
0.011144883845783304 0.0068183067347953935
0.011264726314926879 0.006983142149118887
0.011195451433319846 0.006924090624247845
0.01131377247871724 0.007089476119952731
0.011243859678814545 0.00702931582294135
0.011361052753862988 0.0071946044659565445
0.011290509076045216 0.007133342937235896
0.011406923033104564 0.007297967091264926
0.011335754469744585 0.0072356170954667
0.011451400083498759 0.007399492822760033
0.011379612716001073 0.007336068312692205
0.011493749821717239 0.0075001406335013735
0.011421352815886533 0.007435648071371544
0.011533542120768082 0.0076004366828902525
0.011460546451899329 0.007534878786585631
0.011569780114894563 0.00770166725935984
0.011496201029508374 0.007635036609328671
0.011600649451719533 0.007806161017843686
0.011526510472211565 0.0077384310018856935
0.011626976043452596 0.007912689531915852
0.011552297609036536 0.007843844554719044
0.0116489159457919 0.008020949079476442
0.011573718432135019 0.00795097655181314
0.011666037519652091 0.008131407267712073
0.011590344196623466 0.008060290764304428
0.01167970420134977 0.008242205852161963
0.011603533016898747 0.008169944667981025
0.011690875141185055 0.008352079697294717
0.011614240409566589 0.00827868358665442
0.01170096777632033 0.00845922975837483
0.01162387781057467 0.008384723170203133
0.011711502214192778 0.008561806316341508
0.011633958391607914 0.008486228739567267
0.011723099261727175 0.008659149529154269
0.011645100164979856 0.008582545276428247
0.011736658331221388 0.00875028466129675
0.011658198048918657 0.008672705652989119
0.011752299921298705 0.008835221100314546
0.011673371857767331 0.008756718525853307
0.011771307461974141 0.00891253121330608
0.011691898209668594 0.00883316782345054
0.011793303479300833 0.008982853049124918
0.011713401193413957 0.008902685901139153
0.011818756546786715 0.00904576176209909
0.011738346539215993 0.008964851328549234
0.011847514201883697 0.009101591099592672
0.0117665820446121 0.009019995133513686
0.011879553610370677 0.009150497871038318
0.01179808441029357 0.009068273056133013
0.011914571612418311 0.009192976935169371
0.01183255130904144 0.009110176364009006
0.011951319600506223 0.009230654784351424
0.011868740020182672 0.00914731853193194
0.011989152481369532 0.00926440847589783
0.011906008080694766 0.009180570044728916
0.012026605626533944 0.009296093441697822
0.011942898010619325 0.009211771469205383
0.012062536009645882 0.009327159302907513
0.011978272328570771 0.00924236091346393
0.01209603612355644 0.00935875101338891
0.012011228072452976 0.009273474129655315
0.012126925815224612 0.009391130567300352
0.012041585805389372 0.009305371261154972
0.01215439770438506 0.009425306904108163
0.01206854259241915 0.009339052816338953
0.012178848748599303 0.009460835093047654
0.012092493379904652 0.00937407755373404
0.01220052834967724 0.009497454646986144
0.01211368646771177 0.009410187002042016
0.012220254440244795 0.009534228528544745
0.01213293559812931 0.00944645171859434
0.0122389032672761 0.00957016994283664
0.012151112339179992 0.009481893025359437
0.012256257268077414 0.009605598964631113
0.012168000660929736 0.009516827942453891
0.012272712005668164 0.009640107038260041
0.012183994073644316 0.009550851153219136
0.012288543699608773 0.009673424194021162
0.012199367410419533 0.009583694731704864
