0.00031533745840163003 0.00031533745840163003
0.00031566144485790335 0.000315410323984118
0.00031598331161853055 0.00031548270649549623
0.0003166080357599379 0.00031563883979708683
0.00031722870762331413 0.0003157939340888323
0.0003181340635212701 0.00031604307934023876
0.0003190336004629547 0.0003162905627027331
0.00032020508017928904 0.000316638238638497
0.0003213691023467194 0.0003169835923601787
0.00032279342232737005 0.0003174354988648013
0.00032420876303901515 0.00031788438511675434
0.00032587520581778257 0.00031844446909251627
0.0003275312448154567 0.00031900080947200765
0.00032943140825683403 0.0003196712024367746
0.0003313198228799197 0.00032033711595572903
0.0003334444203746601 0.00032112210886067565
0.00033555600241743527 0.0003219018594557843
0.0003378960080125653 0.000322806393311275
0.00034022180206082003 0.0003237048901014601
0.00034277086084586627 0.000324731088734616
0.00034530456418830187 0.00032575044224691837
0.00034805777359481904 0.00032689904346683117
0.0003507945248508464 0.00032803998688393283
0.0003537468210691702 0.0003293125362746924
0.00035668159378642874 0.0003305766038585502
0.00035982681553909426 0.00033197680550338653
0.00036295348503270975 0.00033336767353022936
0.0003662846356174555 0.00033490098023181245
0.0003695962396315454 0.00033642405958165557
0.0003731070387841427 0.00033809524734740976
0.0003765973246121735 0.00033975527481880873
0.00038028568012556205 0.0003415631111049596
0.00038395256621726856 0.0003433588562990918
0.0003878187171574435 0.00034529867620529853
0.0003916624449582372 0.00034722550022029763
0.0003957078250168824 0.00034929084057418305
0.000399729826792807 0.000351342319174175
0.00040395461225757427 0.00035352860580194835
0.0004081550665735502 0.0003557001902318795
0.0004125564030667662 0.00035800749841598245
0.0004169324657696989 0.0003602992551027535
0.00042150532046556074 0.0003627311014317835
0.0004260519733480513 0.00036514651190540766
0.00043078916983220125 0.0003677097865040322
0.00043549925535222065 0.00037025567918799295
0.0004403933158766172 0.000372957735758579
0.0004452593748928028 0.00037564139748485527
0.00045030281104720143 0.0003784894739566535
0.00045531737369444204 0.000381318075244879
0.0004605033983244043 0.00038431810168348626
0.0004656596948003657 0.00038729751437464475
0.00047098174354950613 0.00039045476757681253
0.0004762732276876359 0.0003935902149296818
0.0004817263453588508 0.00039690723099831434
0.0004871480773864815 0.0004002012167233586
0.000492728769549212 0.000403678106512471
0.0004982772679592853 0.00040713072792850487
0.0005039852038111303 0.00041076284112592304
0.0005096601422076114 0.000414369471615668
0.000515495753522204 0.00041815111165043105
0.0005212975659231046 0.0004219060867916294
0.0005272613176296663 0.00042583163943723113
0.0005331904707859818 0.00042972937684811766
0.0005392828556266969 0.00043379333972064276
0.0005453398434634656 0.00043782836833019265
0.0005515611573076385 0.00044202565006773214
0.0005577462771528519 0.00044619290676207416
0.0005640976899645236 0.00045051727461181213
0.0005704121102537084 0.00045481056381989164
0.0005768957872931502 0.00045925444829616677
0.0005833416686114286 0.00046366624816651756
0.0005899617331715195 0.0004682193803918863
0.0005965431876798551 0.0004727394912224587
0.0006033047085195557 0.0004773903099902715
0.0006100267908199596 0.0004820072508088569
0.0006169348594219111 0.00048674417604458115
0.0006238026469609253 0.0004914464485946851
0.00063086090984263 0.0004962599224805648
0.0006378780402448983 0.0005010380363595206
0.0006450896303187551 0.0005059192301486039
0.0006522592292992862 0.0005107644198133148
0.0006596254746273841 0.0005157070865476557
0.0006669488689164809 0.0005206131490435435
0.0006744694927739238 0.0005256133950310725
0.0006819464090483686 0.0005305764629714721
0.0006896189081406612 0.0005356336842782855
0.0006972468529266219 0.0005406531544560619
0.0007050677429167406 0.0005457682778227833
0.0007128432438049132 0.0005508450658921334
0.0007208089091422793 0.0005560193178217899
0.000728728362054762 0.0005611546370366913
0.0007368353087689049 0.0005663891515333439
0.0007448952303565812 0.0005715841233228841
0.0007531412919095192 0.0005768781846409502
0.0007613395218153196 0.0005821320954618359
0.000769723495426544 0.000587483667826308
0.000778058833913849 0.00059279449456788
0.0007865806107655452 0.0005982000558379611
0.0007950529483686555 0.0006035643009817546
0.0008037128215765469 0.0006090198755273878
0.0008123224491026829 0.0006144335917248985
0.0008211201378919816 0.0006199361979477199
0.0008298667735884152 0.0006253964236756697
0.0008388019371911277 0.0006309433200863677
0.0008476852389801985 0.0006364473317811182
0.0008567584260703021 0.0006420346190803607
0.0008657789380214576 0.0006475785448336446
0.0008749897170526836 0.0006532038873614591
0.0008841470058483154 0.0006587854059214843
0.0008934950436885602 0.000664446422308429
0.0009027887738400718 0.0006700631671347504
0.0009122739896392918 0.0006757571869623521
0.0009217040768450052 0.0006814065051611668
0.0009313264035042928 0.0006871309067400549
0.0009408927768239386 0.0006928101942087315
0.0009506521324583863 0.0006985624530072087
0.0009603547057263559 0.0007042692026266303
0.0009702500406784959 0.0007100483171621461
0.0009800877623487917 0.0007157815327388609
0.0009901169098174875 0.0007215882740200905
0.0010000876137808803 0.0007273487175865536
0.0010102466382729456 0.000733186612002352
0.0010203463941566415 0.0007389777782313445
0.0010306300870567442 0.0007448523648413715
0.0010408536941678296 0.0007506797444335809
0.0010512550775624706 0.0007565992779183315
0.001061595570548334 0.0007624710542890185
0.001072106857940833 0.0007684449974054289
0.001082556465002858 0.0007743705516466221
0.001093169037458107 0.0007804095271463826
0.0011037191572932194 0.0007863993900996519
0.0011144246961254235 0.0007925134021758077
0.0011250670276529275 0.0007985774908798534
0.0011358580380024738 0.0008047751067822413
0.0011465851026159234 0.0008109219131265717
0.0011574550344435257 0.0008172100709236083
0.0011682602967590936 0.0008234464710975452
0.001179203818789758 0.0008298301087816584
0.0011900819595302339 0.0008361609957187801
0.0012010939393058868 0.0008426445735980817
0.0012120398387703382 0.0008490743663474604
0.0012231162576533184 0.0008556605581644626
0.0012341259073388221 0.0008621919043024822
0.0012452629083882468 0.0008688830135916746
0.0012563324620781832 0.0008755181935135047
0.0012675264082666546 0.0008823160730138264
0.0012786522399672402 0.0008890569200934997
0.0012899001865444893 0.0008959623086147435
0.001301079360939761 0.0009028095518589103
0.001312378846796035 0.000909822394358241
0.0013236089112110374 0.0009167759758538717
0.0013349577649352901 0.0009238957111038091
0.0013462365560088381 0.0009309550713088841
0.0013576330081782784 0.0009381804899027933
0.0013689587635446062 0.0009453444269650412
0.0013804014011487 0.0009526737567674228
0.0013917727138116663 0.0009599405113549624
0.0014032601405624709 0.0009673719084539199
0.001414675620337502 0.0009747396506576574
0.0014262057043283067 0.0009822722338759919
0.0014376632284883789 0.000989740089011313
0.0014492334067846805 0.0009973735052083554
0.001460730423379752 0.0010049411228768787
0.0014723371340527249 0.0010126763102928451
0.0014838700964012338 0.0010203446213111486
0.0014955079590413373 0.001028184856488018
0.0015070715102454154 0.0010359571107211904
0.0015187359718882932 0.001043904436228589
0.0015303255794223856 0.0010517826606312106
0.0015420122431865496 0.0010598388138007182
0.0015536235305499404 0.0010678247331108782
0.0015653275664649043 0.0010759919208073677
0.0015769557269654656 0.0010840877254506944
0.0015886736711472154 0.0010923662883881061
0.0016003152588703006 0.0011005723184151425
0.0016120446083947148 0.0011089613269131189
0.001623697134760561 0.0011172766624743579
0.0016354368071346223 0.0011257733804219741
0.0016470991980013267 0.0011341953099781774
0.0016588496343032696 0.0011427951439881635
0.0016705223321692778 0.0011513191138084883
0.0016822845956816744 0.0011600168082322143
0.0016939686624550276 0.0011686376071571379
0.001705744718120839 0.00117742692779198
0.0017174421128746224 0.0011861383737332566
0.0017292340464804946 0.0011950130961377301
0.0017409468484437022 0.0012038090160275767
0.001752758032614966 0.0012127614823215548
0.0017644896010401078 0.0012216342812449792
0.0017763230301509137 0.0012306574744639677
0.0017880763475971132 0.001239600192704091
0.0017999354860205646 0.0012486866693252306
0.0018117140021980452 0.0012576919240281717
0.0018236021617186661 0.0012668345756454032
0.0018354091740043535 0.0012758953163429557
0.0018473296438091611 0.0012850871918984358
0.0018591684265123892 0.0012941965243963428
0.001871124192216701 0.0013034311694955453
0.0018829977169024033 0.0013125826926609194
0.0018949905125740598 0.001321855285942491
0.0019069005051424064 0.0013310442186196202
0.001918931418444835 0.001340350819080279
0.0019308789610170734 0.0013495732538816188
0.001942947611413393 0.0013589117834178126
0.0019549323250560987 0.0013681656609481042
0.001967037186212613 0.001377535496860661
0.00197905755173811 0.0013868202015839327
0.0019911961875425715 0.0013962218707498967
0.002003249780528354 0.0014055379274788813
0.002015419574358769 0.0014149722196983025
0.0020275037905871027 0.001424320414313809
0.002039701316217276 0.0014337891325628123
0.0020518127463130843 0.0014431712556653568
0.002064034975480115 0.0014526757561360755
0.0020761706060202505 0.0014620931552417754
0.0020884147604132213 0.0014716345326276708
0.0021005718268255306 0.0014810882957741569
0.0021128359481616403 0.0014906667039171703
0.0021250125017113486 0.0015001569859054151
0.002137295510295355 0.0015097715877761457
0.00214949047615495 0.0015192975606742767
0.0021617910739605544 0.0015289478408554078
0.0021740031605066113 0.0015385089952770022
0.0021863204460972766 0.0015481940281698954
0.002198548756242933 0.0015577894477936027
0.0022108821050952254 0.0015675080368046778
0.0022231260172798826 0.001577136536361999
