-563.303579609965 -267.6377750208279 -82.02223349663481 -12.071458015735487 0.0 0.0 12.071458015735487 82.02223349663481 267.6377750208279 563.303579609965
-563.2825877175125 -267.59824839462925 -81.99165174719892 -12.246019690689728 0.0 0.0 12.246019690689728 81.99165174719892 267.59824839462925 563.2825877175125
-563.2390829167883 -267.51786957498274 -81.94657028309858 -12.732507160723982 0.0 0.0 12.732507160723982 81.94657028309858 267.51786957498274 563.2390829167883
-563.1725286833223 -267.3967386039951 -81.8958446579324 -13.408705378642615 0.0 0.0 13.408705378642615 81.8958446579324 267.3967386039951 563.1725286833223
-563.0828608723393 -267.23516736934494 -81.84972772417441 -14.202608566472307 0.0 0.0 14.202608566472307 81.84972772417441 267.23516736934494 563.0828608723393
-562.9700689496042 -267.033324052605 -81.81961771968112 -15.05888274151685 0.0 0.0 15.05888274151685 81.81961771968112 267.033324052605 562.9700689496042
-562.8341490328578 -266.7912177804407 -81.81851640248223 -15.93169644504525 0.0 0.0 15.93169644504525 81.81851640248223 266.7912177804407 562.8341490328578
-562.6750923381126 -266.5086988694153 -81.86102401898205 -16.78187628154499 0.0 0.0 16.78187628154499 81.86102401898205 266.5086988694153 562.6750923381126
-562.4928813752956 -266.18546022943684 -81.9627376070879 -17.57540884673518 0.0 0.0 17.57540884673518 81.9627376070879 266.18546022943684 562.4928813752956
-562.2874884354409 -265.8210389691063 -82.13915999567708 -18.282854087290556 0.0 0.0 18.282854087290556 82.13915999567708 265.8210389691063 562.2874884354409
-562.0588748731304 -265.4148182230275 -82.40435582564979 -18.879376020492707 0.0 0.0 18.879376020492707 82.40435582564979 265.4148182230275 562.0588748731304
-561.8069906907431 -264.9660291131581 -82.76968992669784 -19.3449894015475 0.0 0.0 19.3449894015475 82.76968992669784 264.9660291131581 561.8069906907431
-561.5317742422507 -264.4737526503987 -83.24298690555887 -19.664604872407885 0.0 0.0 19.664604872407885 83.24298690555887 264.4737526503987 561.5317742422507
-561.2331519844723 -263.93692136540835 -83.82831407529596 -19.827593491357778 0.0 0.0 19.827593491357778 83.82831407529596 263.93692136540835 561.2331519844723
-560.9110382462866 -263.35432050284163 -84.5263694330695 -19.82681724668916 0.0 0.0 19.82681724668916 84.5263694330695 263.35432050284163 560.9110382462866
-560.5653350037302 -262.72458869448315 -85.33527321036705 -19.657255551401967 0.0 0.0 19.657255551401967 85.33527321036705 262.72458869448315 560.5653350037302
-560.19593165615 -262.04621813009834 -86.25149892755147 -19.314408486832793 0.0 0.0 19.314408486832793 86.25149892755147 262.04621813009834 560.19593165615
-559.8027048015142 -261.317554367782 -87.27073030630619 -18.79257330360546 0.0 0.0 18.79257330360546 87.27073030630619 261.317554367782 559.8027048015142
-559.3855180101202 -260.536796075133 -88.38852954761607 -18.082914384025962 0.0 0.0 18.082914384025962 88.38852954761607 260.536796075133 559.3855180101202
-558.9442215961457 -259.7019951846796 -89.60079102504379 -17.170985473777858 0.0 0.0 17.170985473777858 89.60079102504379 259.7019951846796 558.9442215961457
-558.4786523864543 -258.81105820775633 -90.90400716744587 -16.032899045051263 0.0 0.0 16.032899045051263 90.90400716744587 258.81105820775633 558.4786523864543
-557.9886334858528 -257.86174982011994 -92.29539263770486 -14.628227169549012 0.0 0.0 14.628227169549012 92.29539263770486 257.86174982011994 557.9886334858528
-557.4739740377538 -256.85170036912274 -93.77291163973419 -12.884315171234022 0.0 0.0 12.884315171234022 93.77291163973419 256.85170036912274 557.4739740377538
-556.9344689790132 -255.7784197451883 -95.33524299106955 -10.653101899804522 0.0 0.0 10.653101899804522 95.33524299106955 255.7784197451883 556.9344689790132
-556.3698987875266 -254.63932124363097 -96.98170550009566 -7.53713530666459 0.0 0.0 7.53713530666459 96.98170550009566 254.63932124363097 556.3698987875266
-555.7800292210318 -253.43176082003671 -98.71215514494327 0.0 0.0 0.0 0.0 98.71215514494327 253.43176082003671 555.7800292210318
-555.1646110454845 -252.15309982144996 -100.52685607434172 0.0 0.0 0.0 0.0 100.52685607434172 252.15309982144996 555.1646110454845
-554.5233797512957 -250.80080331948082 -102.42631884740108 0.0 0.0 0.0 0.0 102.42631884740108 250.80080331948082 554.5233797512957
-553.8560552557128 -249.3725922614931 -104.4110903763888 0.0 0.0 0.0 0.0 104.4110903763888 249.3725922614931 553.8560552557128
-553.1623415895658 -247.8666767535499 -106.48146924279189 0.0 0.0 0.0 0.0 106.48146924279189 247.8666767535499 553.1623415895658
-552.4419265666754 -246.28211113384486 -108.63710576840742 0.0 0.0 0.0 0.0 108.63710576840742 246.28211113384486 552.4419265666754
-551.6944814341741 -244.6193303625884 -110.8764268750296 0.0 0.0 0.0 0.0 110.8764268750296 244.6193303625884 551.6944814341741
-550.9196605020614 -242.8809519963483 -113.19580081552877 0.0 0.0 0.0 0.0 113.19580081552877 242.8809519963483 550.9196605020614
-550.1171007503532 -241.0729552844725 -115.58832953354772 0.0 0.0 0.0 0.0 115.58832953354772 241.0729552844725 550.1171007503532
-549.2864214121958 -239.20636482812844 -118.04214053074426 0.0 0.0 0.0 0.0 118.04214053074426 239.20636482812844 549.2864214121958
-548.4272235314144 -237.29953207566984 -120.53808435057466 0.0 0.0 0.0 0.0 120.53808435057466 237.29953207566984 548.4272235314144
-547.5390894929556 -235.38093812879183 -123.04691366507367 0.0 0.0 0.0 0.0 123.04691366507367 235.38093812879183 547.5390894929556
-546.6215825248429 -233.4919943615329 -125.52646700461219 0.0 0.0 0.0 0.0 125.52646700461219 233.4919943615329 546.6215825248429
-545.6742461701955 -231.6884842162738 -127.92021338680532 0.0 0.0 0.0 0.0 127.92021338680532 231.6884842162738 545.6742461701955
-544.6966037280732 -230.03833804427214 -130.15946567128105 0.0 0.0 0.0 0.0 130.15946567128105 230.03833804427214 544.6966037280732
-543.6881576619049 -228.61352496424573 -132.1714784312967 0.0 0.0 0.0 0.0 132.1714784312967 228.61352496424573 543.6881576619049
-542.6483889744022 -227.4766091221461 -133.89288279248245 0.0 0.0 0.0 0.0 133.89288279248245 227.4766091221461 542.6483889744022
-541.5767565479892 -226.66727533192633 -135.2831531633879 0.0 0.0 0.0 0.0 135.2831531633879 226.66727533192633 541.5767565479892
-540.4726964499295 -226.1960126442193 -136.33091729339566 0.0 0.0 0.0 0.0 136.33091729339566 226.1960126442193 540.4726964499295
-539.3356212015129 -226.04764365783265 -137.05042191670472 0.0 0.0 0.0 0.0 137.05042191670472 226.04764365783265 539.3356212015129
-538.1649190109482 -226.1908976618103 -137.47195608060855 0.0 0.0 0.0 0.0 137.47195608060855 226.1908976618103 538.1649190109482
-536.9599529698635 -226.58825321217716 -137.63200688466182 0.0 0.0 0.0 0.0 137.63200688466182 226.58825321217716 536.9599529698635
-535.7200602137419 -227.20276619308274 -137.56643210347934 0.0 0.0 0.0 0.0 137.56643210347934 227.20276619308274 535.7200602137419
-534.4445510470753 -228.00154949144078 -137.30698434573657 0.0 0.0 0.0 0.0 137.30698434573657 228.00154949144078 534.4445510470753
-533.1327080346359 -228.95691286020974 -136.88017931012223 0.0 0.0 0.0 0.0 136.88017931012223 228.95691286020974 533.1327080346359
-531.7837850610098 -230.04624912765686 -136.30742360375666 0.0 0.0 0.0 0.0 136.30742360375666 230.04624912765686 531.7837850610098
-530.397006361499 -231.25139934647117 -135.60567182223596 0.0 0.0 0.0 0.0 135.60567182223596 231.25139934647117 530.397006361499
-528.9715655286548 -232.5578895741488 -134.78822341208414 0.0 0.0 0.0 0.0 134.78822341208414 232.5578895741488 528.9715655286548
-527.5066245002091 -233.95421473956466 -133.86548832363982 0.0 0.0 0.0 0.0 133.86548832363982 233.95421473956466 527.5066245002091
-526.0013125359767 -235.4312304233956 -132.8456667659217 0.0 0.0 0.0 0.0 132.8456667659217 235.4312304233956 526.0013125359767
-524.4547251936033 -236.98166072191404 -131.73534322433972 0.0 0.0 0.0 0.0 131.73534322433972 236.98166072191404 524.4547251936033
-522.8659233158876 -238.5997097600231 -130.54001825060357 0.0 0.0 0.0 0.0 130.54001825060357 238.5997097600231 522.8659233158876
-521.2339320459017 -240.2807587072739 -129.26461043368238 0.0 0.0 0.0 0.0 129.26461043368238 240.2807587072739 521.2339320459017
-519.5577398905717 -242.0211306202792 -127.91396365715302 0.0 0.0 0.0 0.0 127.91396365715302 242.0211306202792 519.5577398905717
-517.8362978587834 -243.81790802213294 -126.49339411931356 0.0 0.0 0.0 0.0 126.49339411931356 243.81790802213294 517.8362978587834
-516.0685187068977 -245.66879108814857 -125.0093068722995 0.0 0.0 0.0 0.0 125.0093068722995 245.66879108814857 516.0685187068977
-514.253276332883 -247.57198697471293 -123.46989885896431 0.0 0.0 0.0 0.0 123.46989885896431 247.57198697471293 514.253276332883
-512.3894053707492 -249.5261230173264 -121.88593747032871 0.0 0.0 0.0 0.0 121.88593747032871 249.5261230173264 512.3894053707492
-510.47570104980116 -251.53017823910116 -120.27155151012224 0.0 0.0 0.0 0.0 120.27155151012224 251.53017823910116 510.47570104980116
-508.5109193992357 -253.58342892115198 -118.64488968512508 -10.277950556068161 0.0 0.0 10.277950556068161 118.64488968512508 253.58342892115198 508.5109193992357
-506.4937778983179 -255.68540497217322 -117.028401411795 -19.346240346798027 0.0 0.0 19.346240346798027 117.028401411795 255.68540497217322 506.4937778983179
-504.4229566967681 -257.83585456867246 -115.4484222613695 -25.74431567677691 0.0 0.0 25.74431567677691 115.4484222613695 257.83585456867246 504.4229566967681
-502.2971005599945 -260.03471507897365 -113.93378995866641 -31.11457374292164 0.0 0.0 31.11457374292164 113.93378995866641 260.03471507897365 502.2971005599945
-500.1148217307451 -262.2820886787407 -112.51346280570797 -35.86773366086606 0.0 0.0 35.86773366086606 112.51346280570797 262.2820886787407 500.1148217307451
-497.87470394382086 -264.578221347553 -111.21353658473933 -40.16926624174105 0.0 0.0 40.16926624174105 111.21353658473933 264.578221347553 497.87470394382086
-495.5753078855597 -266.923484129974 -110.05444105857117 -44.10146553679723 0.0 0.0 44.10146553679723 110.05444105857117 266.923484129974 495.5753078855597
-493.21517845617296 -269.31835566864015 -109.04914233038399 -47.71339638887557 0.0 0.0 47.71339638887557 109.04914233038399 269.31835566864015 493.21517845617296
-490.7928542726743 -271.7634050840389 -108.20278609715692 -51.040387430699845 0.0 0.0 51.040387430699845 108.20278609715692 271.7634050840389 490.7928542726743
-488.30687994439705 -274.2592742952808 -107.5136382231364 -54.11205229612668 0.0 0.0 54.11205229612668 107.5136382231364 274.2592742952808 488.30687994439705
-485.7558217626799 -276.8066588553312 -106.97478173406823 -56.95528451740793 0.0 0.0 56.95528451740793 106.97478173406823 276.8066588553312 485.7558217626799
-483.1382875709561 -279.4062863192219 -106.57597525854055 -59.595063274094244 0.0 0.0 59.595063274094244 106.57597525854055 279.4062863192219 483.1382875709561
-480.4529517183616 -282.0588910817286 -106.30526413241566 -62.05445155130032 0.0 0.0 62.05445155130032 106.30526413241566 282.0588910817286 480.4529517183616
-477.69858614264984 -284.76518452135196 -106.15017296377086 -64.35442384409937 0.0 0.0 64.35442384409937 106.15017296377086 284.76518452135196 477.69858614264984
-474.87409876441353 -287.52581918488755 -106.09847940306472 -66.51376466011834 0.0 0.0 66.51376466011834 106.09847940306472 287.52581918488755 474.87409876441353
-471.978580483015 -290.34134566396585 -106.13865029011876 -68.54908922129889 0.0 0.0 68.54908922129889 106.13865029011876 290.34134566396585 471.978580483015
-469.01136211154727 -293.21216078659756 -106.26003921222244 -70.47496404292663 0.0 0.0 70.47496404292663 106.26003921222244 293.21216078659756 469.01136211154727
-465.97208252266086 -296.1384458241418 -106.45293127833966 -72.30408789431718 0.0 0.0 72.30408789431718 106.45293127833966 296.1384458241418 465.97208252266086
-462.86076902735516 -299.1200936693056 -106.70849852370367 -74.04749870825097 0.0 0.0 74.04749870825097 106.70849852370367 299.1200936693056 462.86076902735516
-459.6779304795359 -302.1566244686994 -107.01870841072385 -75.71478268503337 0.0 0.0 75.71478268503337 107.01870841072385 302.1566244686994 459.6779304795359
-456.42466267483746 -305.2470901091349 -107.37621184434863 -77.3142715915837 0.0 0.0 77.3142715915837 107.37621184434863 305.2470901091349 456.42466267483746
-453.10276417057713 -308.38996938157146 -107.77422607165289 -78.85322133696094 0.0 0.0 78.85322133696094 107.77422607165289 308.38996938157146 453.10276417057713
-449.7148585966173 -311.5830576776566 -108.20642074405659 -80.33796943622885 0.0 0.0 80.33796943622885 108.20642074405659 311.5830576776566 449.7148585966173
-446.2645168352905 -314.82335772908925 -108.66681111314789 -81.77407159798013 0.0 0.0 81.77407159798013 108.66681111314789 314.82335772908925 446.2645168352905
-442.75636926345425 -318.10698103719835 -109.14965985190827 -83.16641902842844 0.0 0.0 83.16641902842844 109.14965985190827 318.10698103719835 442.75636926345425
-439.1961949687284 -321.42907286107004 -109.64938766008447 -84.51933862659101 0.0 0.0 84.51933862659101 109.64938766008447 321.42907286107004 439.1961949687284
-435.59097220315755 -324.7837762082028 -110.16049217315604 -85.83667838321416 0.0 0.0 85.83667838321416 110.16049217315604 324.7837762082028 435.59097220315755
-431.948873369353 -328.1642511543375 -110.67747446063845 -87.12188020051178 0.0 0.0 87.12188020051178 110.67747446063845 328.1642511543375 431.948873369353
-428.2791897333943 -331.562763823008 -111.19477239402487 -88.37804214614026 0.0 0.0 88.37804214614026 111.19477239402487 331.562763823008 428.2791897333943
-424.59217675066793 -334.97085355861964 -111.70670027854324 -89.60797191467188 0.0 0.0 89.60797191467188 111.70670027854324 334.97085355861964 424.59217675066793
-420.8988204734913 -338.3795771362356 -112.20739430942278 -90.81423303149992 0.0 0.0 90.81423303149992 112.20739430942278 338.3795771362356 420.8988204734913
-417.21053775420813 -341.7798165031698 -112.69076358946069 -91.99918511664958 0.0 0.0 91.99918511664958 112.69076358946069 341.7798165031698 417.21053775420813
-413.5388352295709 -345.1626241873194 -113.15044659994705 -93.16501933721115 0.0 0.0 93.16501933721115 113.15044659994705 345.1626241873194 413.5388352295709
-409.89496095296715 -348.5195715667482 -113.57977312705448 -94.31379001914935 0.0 0.0 94.31379001914935 113.57977312705448 348.5195715667482 409.89496095296715
-406.2895850759966 -351.8430626445963 -113.97173168866836 -95.44744326112915 0.0 0.0 95.44744326112915 113.97173168866836 351.8430626445963 406.2895850759966
-402.73254100387504 -355.1265809957701 -114.31894246101334 -96.56784329255939 0.0 0.0 96.56784329255939 114.31894246101334 355.1265809957701 402.73254100387504
