1.000000000000000048e-04
6.242424242424241812e-04
1.148484848484848317e-03
1.672727272727272561e-03
2.196969696969696371e-03
2.721212121212120399e-03
3.245454545454544860e-03
3.769696969696968887e-03
4.293939393939393348e-03
4.818181818181817809e-03
5.342424242424241403e-03
5.866666666666665864e-03
6.390909090909090325e-03
6.915151515151513918e-03
7.439393939393938379e-03
7.963636363636361973e-03
8.487878787878785566e-03
9.012121212121209160e-03
9.536363636363634488e-03
1.006060606060605808e-02
1.058484848484848168e-02
1.110909090909090700e-02
1.163333333333333060e-02
1.215757575757575419e-02
1.268181818181817952e-02
1.320606060606060311e-02
1.373030303030302671e-02
1.425454545454545030e-02
1.477878787878787563e-02
1.530303030303029922e-02
1.582727272727272455e-02
1.635151515151514814e-02
1.687575757575757174e-02
1.739999999999999533e-02
1.792424242424241893e-02
1.844848484848484252e-02
1.897272727272726958e-02
1.949696969696969318e-02
2.002121212121211677e-02
2.054545454545454036e-02
2.106969696969696396e-02
2.159393939393938755e-02
2.211818181818181461e-02
2.264242424242423821e-02
2.316666666666666180e-02
2.369090909090908539e-02
2.421515151515150899e-02
2.473939393939393258e-02
2.526363636363635964e-02
2.578787878787878324e-02
2.631212121212120683e-02
2.683636363636363042e-02
2.736060606060605402e-02
2.788484848484847761e-02
2.840909090909090121e-02
2.893333333333332827e-02
2.945757575757575186e-02
2.998181818181817546e-02
3.050606060606059905e-02
3.103030303030302264e-02
3.155454545454545318e-02
3.207878787878787330e-02
3.260303030303030036e-02
3.312727272727272049e-02
3.365151515151514755e-02
3.417575757575757461e-02
3.469999999999999474e-02
3.522424242424242180e-02
3.574848484848484192e-02
3.627272727272726899e-02
3.679696969696968911e-02
3.732121212121211618e-02
3.784545454545454324e-02
3.836969696969696336e-02
3.889393939393939043e-02
3.941818181818181055e-02
3.994242424242423761e-02
4.046666666666666468e-02
4.099090909090908480e-02
4.151515151515151186e-02
4.203939393939393199e-02
4.256363636363635905e-02
4.308787878787877917e-02
4.361212121212120624e-02
4.413636363636363330e-02
4.466060606060605342e-02
4.518484848484848049e-02
4.570909090909090061e-02
4.623333333333332767e-02
4.675757575757574780e-02
4.728181818181817486e-02
4.780606060606060193e-02
4.833030303030302205e-02
4.885454545454544911e-02
4.937878787878786924e-02
4.990303030303029630e-02
5.042727272727272336e-02
5.095151515151514349e-02
5.147575757575757055e-02
5.199999999999999761e-02
