-12.967912169078843 -5.853181794893345 -1.7251950367809243 -0.8765826070950375 -5.8944922437943035 -5.884785722134649 -0.8765826070950375 -1.7251950367809243 -5.853181794893345 -12.967912169078843
-13.118813314075481 -6.153595119744821 -2.2145492258587787 -3.532340368558176 -25.81881672567454 -25.52019803765496 -3.532340368558176 -2.2145492258587787 -6.153595119744821 -13.118813314075481
-13.204076984478306 -6.346161136571056 -2.5246509804730994 -5.9659149600228 -42.51364208562299 -41.8639358465356 -5.9659149600228 -2.5246509804730994 -6.346161136571056 -13.204076984478306
-13.262737416554089 -6.49196567232638 -2.7323808873360047 -8.355738068566161 -57.92728503815415 -56.914738637570224 -8.355738068566161 -2.7323808873360047 -6.49196567232638 -13.262737416554089
-13.304345528871597 -6.605068239439902 -2.8515256436485066 -10.74804645195658 -72.56388154319941 -71.17725839034523 -10.74804645195658 -2.8515256436485066 -6.605068239439902 -13.304345528871597
-13.333088259616545 -6.691044505833451 -2.8859180500927906 -13.168407382931807 -86.65344776243519 -84.88325604308694 -13.168407382931807 -2.8859180500927906 -6.691044505833451 -13.333088259616545
-13.351196929176169 -6.752399148977467 -2.837105697156623 -15.63323805588194 -100.32583588011634 -98.16445882269537 -15.63323805588194 -2.837105697156623 -6.752399148977467 -13.351196929176169
-13.359981496663849 -6.790187457572635 -2.7073300826534066 -18.1525778445918 -113.66384639718441 -111.1051197952998 -18.1525778445918 -2.7073300826534066 -6.790187457572635 -13.359981496663849
-13.360250154222726 -6.804657251335584 -2.5012149011236247 -20.730869262826133 -126.72460757678184 -123.76339515831157 -20.730869262826133 -2.5012149011236247 -6.804657251335584 -13.360250154222726
-13.352510737593548 -6.795544030521029 -2.226679356131104 -23.367309486803347 -139.54974769725814 -136.18163794314708 -23.367309486803347 -2.226679356131104 -6.795544030521029 -13.352510737593548
-13.337078873215717 -6.762218480368169 -1.895107008744417 -26.056397676951725 -152.17083377947606 -148.3919468793457 -26.056397676951725 -1.895107008744417 -6.762218480368169 -13.337078873215717
-13.314140920519321 -6.703762656919855 -1.5207870721791963 -28.78892819617477 -164.6125419388772 -160.4194116887108 -28.78892819617477 -1.5207870721791963 -6.703762656919855 -13.314140920519321
-13.283792899702107 -6.619008183016646 -1.1197967791474284 -31.553387520325927 -176.89463127271745 -172.28413250161228 -31.553387520325927 -1.1197967791474284 -6.619008183016646 -13.283792899702107
-13.246065734109976 -6.506552334323096 -0.7086493253781754 -34.33749597028246 -189.0332373670751 -184.0025393672662 -34.33749597028246 -0.7086493253781754 -6.506552334323096 -13.246065734109976
-13.200942247285255 -6.364759982647286 -0.30306802531372773 -37.12956994229295 -201.0417550007928 -195.58828922499748 -37.12956994229295 -0.30306802531372773 -6.364759982647286 -13.200942247285255
-13.148368962454867 -6.1917554374394115 0.08286080676523966 -39.91947329144338 -212.93146053216196 -207.05289592486682 -39.91947329144338 0.08286080676523966 -6.1917554374394115 -13.148368962454867
-13.088264500630316 -5.985406112416214 0.43707913813850396 -42.69909373800288 -224.71196269651605 -218.4061851011289 -42.69909373800288 0.43707913813850396 -5.985406112416214 -13.088264500630316
-13.020525681620683 -5.743298702896119 0.7495597181871805 -45.46241977799643 -236.39153655949238 -229.65663040209267 -45.46241977799643 0.7495597181871805 -5.743298702896119 -13.020525681620683
-12.945032031746535 -5.462707747907636 1.0120522878778626 -48.205356445597445 -247.97737571052167 -240.81160712176683 -48.205356445597445 1.0120522878778626 -5.462707747907636 -12.945032031746535
-12.861649160865085 -5.140555843194832 1.217703270125721 -50.92541413701943 -259.47578591303227 -251.8775869470296 -50.92541413701943 1.217703270125721 -5.140555843194832 -12.861649160865085
-12.770231321078356 -4.7733642409038595 1.3606424571857194 -53.621367730070716 -270.8923359983956 -262.8602898447528 -53.621367730070716 1.3606424571857194 -4.7733642409038595 -12.770231321078356
-12.670623363081148 -4.357192041616187 1.4355892938554575 -56.29294205685912 -282.2319769921922 -273.7648041749388 -56.29294205685912 1.4355892938554575 -4.357192041616187 -12.670623363081148
-12.562662242582377 -3.8875616023717825 1.4374996842049317 -58.94054818824053 -293.4991372773436 -284.5956828607879 -58.94054818824053 1.4374996842049317 -3.8875616023717825 -12.562662242582377
-12.446178186411998 -3.359367113949922 1.361254446540813 -61.5650755196299 -304.6977994358073 -295.35702125090893 -61.5650755196299 1.361254446540813 -3.359367113949922 -12.446178186411998
-12.320995598431239 -2.7667625215132716 1.2013801357052136 -64.16773479490624 -315.8315629108532 -306.0525207969631 -64.16773479490624 1.2013801357052136 -2.7667625215132716 -12.320995598431239
-12.186933764697812 -2.1030240815176384 0.9517884797542813 -326.90369557323424 -64.83686847677936 -68.66301844085181 -316.6855416094659 0.9517884797542813 -2.1030240815176384 -12.186933764697812
-12.043807402586637 -1.3603819273074862 0.6055194081652329 -61.09498006081421 -77.53150847930911 -337.91717651520514 -327.2591461979682 0.6055194081652329 -1.3603819273074862 -12.043807402586637
-11.8914270879052 -0.5298142363198721 0.15447296607102956 -348.87473184382463 -60.263868893478694 -83.45462935960371 -337.77613615391317 0.15447296607102956 -0.5298142363198721 -11.8914270879052
-11.729599586219393 0.3992026247663212 -0.4108832585579658 -359.7788648379127 -60.10618086004908 -88.67302223371186 -348.23908313207806 -0.4108832585579658 0.3992026247663212 -11.729599586219393
-11.558128108820185 1.4389933480501398 -1.101841793016673 -60.29747564324742 -93.51442982303838 -370.63188152955627 -358.6503551872061 -1.101841793016673 1.4389933480501398 -11.558128108820185
-11.376812509427438 2.604033123889373 -1.9318227425961307 -381.43591254252425 -60.71412269744367 -98.1057721313786 -369.0121392971761 -1.9318227425961307 2.604033123889373 -11.376812509427438
-11.185449434464118 3.9113365455790188 -2.9167732072095127 -392.19293184606386 -61.295223678456836 -102.51120970686884 -379.32646073268666 -2.9167732072095127 3.9113365455790188 -11.185449434464118
-10.98383243728695 5.380849969543575 -4.075564713333012 -402.90477294916747 -62.006710071811185 -106.76804172486804 -389.5951998017485 -4.075564713333012 5.380849969543575 -10.98383243728695
-10.771752064886286 7.035760356331529 -5.43030315300809 -413.573142957119 -62.82815712901976 -110.89989497739916 -399.8201063951333 -5.43030315300809 7.035760356331529 -10.771752064886286
-10.548995924183028 8.902538553313903 -7.006370208469011 -63.74691862519105 -114.92259732561723 -424.19963483162513 -410.0028126790106 -7.006370208469011 8.902538553313903 -10.548995924183028
-10.315348734011707 11.01037488853489 -8.831854817841364 -434.7857381325158 -64.75517331542815 -118.84714345245858 -420.14484421798227 -8.831854817841364 11.01037488853489 -10.315348734011707
-10.070592368132282 13.389439802720812 -10.935807848961248 -445.3328484689156 -65.84830373640395 -122.68133146054126 -430.24762976161895 -10.935807848961248 13.389439802720812 -10.070592368132282
-9.814505894099696 16.06720342148506 -13.344554138692278 -455.8422758478907 -67.02395027160996 -126.43072694528104 -440.3125098875164 -13.344554138692278 16.06720342148506 -9.814505894099696
-9.54686561250601 19.062189150334035 -16.075437093703982 -466.3152520765367 -68.28143585975721 -130.09925898583484 -450.3407446615758 -16.075437093703982 19.062189150334035 -9.54686561250601
-9.267445100949402 22.375604041549636 -19.128438601855294 -476.7529373476621 -69.62140813150904 -133.6896013086549 -460.3335204500213 -19.128438601855294 22.375604041549636 -9.267445100949402
-8.976015267092109 25.98360965504773 -22.478437881141513 -487.1564261182293 -71.04561698284394 -137.203420838265 -470.2919559962954 -22.478437881141513 25.98360965504773 -8.976015267092109
-8.672344415294944 29.835203040666137 -26.073078713242943 -497.526752372605 -72.55678167946353 -140.641539927876 -480.21710785844914 -26.073078713242943 29.835203040666137 -8.672344415294944
-8.35619833158313 33.85939728928203 -29.83993424686097 -507.8648943486167 -74.15852109147102 -144.004039215518 -490.1099752881927 -29.83993424686097 33.85939728928203 -8.35619833158313
-8.027340392086224 37.97952826561811 -33.700795637953576 -75.85533187562935 -147.29031699527152 -518.1717787927599 -499.9715046207873 -33.700795637953576 37.97952826561811 -8.027340392086224
-7.685531700614873 42.12740692997002 -37.58580349871748 -77.65260633246595 -150.49911425778328 -528.4482848013523 -509.80259323499627 -37.58580349871748 42.12740692997002 -7.685531700614873
-7.330531261700276 46.25130574612186 -41.44141011794087 -538.6952472963085 -79.55668630950427 -153.6285101044041 -519.6040931339612 -41.44141011794087 46.25130574612186 -7.330531261700276
-6.962096196216265 50.31706677483438 -45.231459405888806 -548.9134601775609 -81.57495303409502 -156.67588894602474 -529.376814190859 -45.231459405888806 50.31706677483438 -6.962096196216265
-6.579982007675341 54.30512170421896 -48.934174043712886 -559.1036791884296 -83.71595584683874 -159.63787805623042 -539.1215270972917 -48.934174043712886 54.30512170421896 -6.579982007675341
-6.183942908425394 58.20635415226701 -52.53797926404131 -569.2666245255273 -85.98958600011458 -162.5102511253213 -548.8389660473482 -52.53797926404131 58.20635415226701 -6.183942908425394
-5.773732216319047 62.01842442517186 -56.03778239401191 -579.4029832206331 -88.40730550052754 -165.2877899306527 -558.5298311860129 -56.03778239401191 62.01842442517186 -5.773732216319047
-5.349102833980211 65.74305162380675 -59.43220186453405 -589.5134113186027 -90.9824460527917 -167.9640914279989 -568.1947908469799 -59.43220186453405 65.74305162380675 -5.349102833980211
-4.90980782462421 69.38419432416003 -62.72168562239146 -93.73060047290785 -170.53130045467452 -599.5985358723615 -577.8344836018152 -62.72168562239146 69.38419432416003 -4.90980782462421
-4.455601100476912 72.94690651609478 -65.9072943279545 -96.6701401064307 -172.97973708683963 -609.6589567734907 -587.4495201397317 -65.9072943279545 72.94690651609478 -4.455601100476912
-3.98623824228477 76.43665084234507 -68.9899302483333 -99.8229097572911 -175.2973693789614 -619.6952484347631 -597.0404849949625 -68.9899302483333 76.43665084234507 -3.98623824228477
-3.50147747119685 79.85890435626791 -71.9698464454208 -629.7079613390428 -103.21518206596475 -177.46905074770385 -606.6079381367053 -71.9698464454208 79.85890435626791 -3.50147747119685
-3.001080797538151 83.21894497832089 -74.84632494625885 -639.6976234673587 -106.87900771853884 -179.4753845595975 -616.1524164349119 -74.84632494625885 83.21894497832089 -3.001080797538151
-2.484815374679812 86.52174684541978 -77.61745477397528 -649.6647416175081 -110.85420140216762 -181.290970586665 -625.6744350136809 -77.61745477397528 86.52174684541978 -2.484815374679812
-1.9524550904478275 89.7719398437288 -80.27997171657648 -659.6098026233376 -115.19141463538797 -182.88156896700016 -635.1744885027208 -80.27997171657648 89.7719398437288 -1.9524550904478275
-1.4037824333283666 92.97380600908089 -82.82914571452014 -184.19923590006877 -119.9572147789186 -669.5332744836882 -644.6530521962045 -82.82914571452014 92.97380600908089 -1.4037824333283666
-0.8385906761970823 96.13129633522203 -85.25872319769567 -185.1733147850828 -125.24323885526034 -679.4356074091322 -654.1105831273369 -85.25872319769567 96.13129633522203 -0.8385906761970823
-0.25668642646878936 99.24805820368397 -87.56095426282988 -689.3172347936994 -131.1847127045286 -185.6919128254892 -663.5475210660888 -87.56095426282988 99.24805820368397 -0.25668642646878936
0.3421074015194563 102.32746771696549 -89.72676030035157 -699.1785741181047 -138.00450629544588 -185.5575695166903 -672.9642894467715 -89.72676030035157 102.32746771696549 0.3421074015194563
0.957948128407935 105.37266368293444 -91.74612513004459 -709.0200277903153 -146.14815888134348 -184.35151057948116 -682.3612962314489 -91.74612513004459 105.37266368293444 0.957948128407935
1.5909692940976505 108.3865814866876 -93.60881340890762 -718.8419839287237 -156.97884897012267 -180.7373011740128 -691.7389347145901 -93.60881340890762 108.3865814866876 1.5909692940976505
2.241276003420097 111.37198597904256 -95.30551387147935 -172.61800524001615 -728.6448170926582 -701.0975842738171 -172.61800524001615 -95.30551387147935 111.37198597904256 2.241276003420097
2.9089395426400912 114.33150304187893 -96.82943897816352 -176.53917267711307 -738.4288889645302 -710.4376110711496 -176.53917267711307 -96.82943897816352 114.33150304187893 2.9089395426400912
3.5939911664500386 117.2676498016259 -98.17825487845111 -180.6265201146964 -748.1945489875262 -719.7593687087176 -180.6265201146964 -98.17825487845111 117.2676498016259 3.5939911664500386
4.296414945647349 120.18286363971494 -99.3559753699727 -184.8785135816005 -757.942134962314 -729.0631988425349 -184.8785135816005 -99.3559753699727 120.18286363971494 4.296414945647349
5.016139557337624 123.07953024481388 -100.37423316090161 -189.2858910872788 -767.671973606007 -738.3494317576075 -189.2858910872788 -100.37423316090161 123.07953024481388 5.016139557337624
5.753028893381753 125.96001099735923 -101.2523315067528 -193.83162907475025 -777.3843810762617 -747.6183869073359 -193.83162907475025 -101.2523315067528 125.96001099735923 5.753028893381753
6.506871360746871 128.82666999022013 -102.01581730124192 -198.49238574167913 -787.0796634631741 -756.8703734199187 -198.49238574167913 -102.01581730124192 128.82666999022013 6.506871360746871
7.277367751866905 131.68190097967513 -102.69389152875586 -203.24110549473886 -796.7581172513815 -766.1056905742099 -203.24110549473886 -102.69389152875586 131.68190097967513 7.277367751866905
8.0641175776355 134.5281545319403 -103.31642974817072 -208.05001202579285 -806.4200297545348 -775.3246282472778 -208.05001202579285 -103.31642974817072 134.5281545319403 8.0641175776355
8.866603785177546 137.36796558153526 -103.91142893501166 -212.89317382168343 -816.0656795242326 -784.5274673357209 -212.89317382168343 -103.91142893501166 137.36796558153526 8.866603785177546
9.684175833749194 140.2039815445695 -104.50336348000158 -217.74815942633757 -825.6953367351634 -793.7144801526105 -217.74815942633757 -104.50336348000158 140.2039815445695 9.684175833749194
10.516031183961672 143.03899102488487 -105.11250454955562 -222.59672834308066 -835.3092635482077 -802.8859308017788 -222.59672834308066 -105.11250454955562 143.03899102488487 10.516031183961672
11.361195379593866 145.87595300300927 -105.75497514524679 -227.42478530960722 -844.907714453017 -812.0420755310367 -227.42478530960722 -105.75497514524679 145.87595300300927 11.361195379593866
12.218501082166316 148.7180261925489 -106.44323348972625 -232.2219053631925 -854.4909365914934 -821.1831630657617 -232.2219053631925 -106.44323348972625 148.7180261925489 12.218501082166316
13.086566673733486 151.56859796847723 -107.1867281199127 -236.980686335481 -864.0591700634757 -830.3094349241851 -236.980686335481 -107.1867281199127 151.56859796847723 13.086566673733486
13.963775392744168 154.43131189682668 -107.99256035361712 -241.69609310524493 -873.6126482158281 -839.4211257156089 -241.69609310524493 -107.99256035361712 154.43131189682668 13.963775392744168
14.84825643101249 157.31009240564717 -108.86607107780347 -246.36487662902704 -883.1515979160386 -848.5184634226805 -246.36487662902704 -108.86607107780347 157.31009240564717 14.84825643101249
15.737870012263173 160.2091645171903 -109.81132282507647 -250.98509672367265 -892.6762398113445 -857.6016696687562 -250.98509672367265 -109.81132282507647 160.2091645171903 15.737870012263173
16.63019919727732 163.13306580797146 -110.83147754610334 -255.55574810490225 -902.186788574328 -866.6709599713281 -255.55574810490225 -110.83147754610334 163.13306580797146 16.63019919727732
17.522551995561727 166.08664689867075 -111.92908340906973 -260.07647623285885 -911.6834531358417 -875.7265439823901 -260.07647623285885 -111.92908340906973 166.08664689867075 17.522551995561727
18.41197824317662 169.075055865303 -113.10628758992137 -264.5473658520875 -921.1664369060787 -884.7686257165717 -264.5473658520875 -113.10628758992137 169.075055865303 18.41197824317662
19.295306498687808 172.1037011396354 -114.36499119499621 -268.9687859044217 -930.6359379845129 -893.7974037677973 -268.9687859044217 -114.36499119499621 172.1037011396354 19.295306498687808
20.169206690426478 175.17818695494668 -115.70695993201267 -273.3412769882192 -940.0921493594277 -902.8130715151754 -273.3412769882192 -115.70695993201267 175.17818695494668 20.169206690426478
21.030284088301528 178.30421552448777 -117.13390129238564 -277.6654703616941 -949.5352590976232 -911.815817318774 -277.6654703616941 -117.13390129238564 178.30421552448777 21.030284088301528
21.875208949162882 181.48745133949893 -118.64751642061583 -281.94203005054476 -958.9654505249499 -920.8058247058864 -281.94203005054476 -118.64751642061583 181.48745133949893 21.875208949162882
22.70088344832955 184.73334569191366 -120.24953271884002 -286.17161172966746 -968.382902398165 -929.783272548352 -286.17161172966746 -120.24953271884002 184.73334569191366 22.70088344832955
23.504642938054012 188.04692409083458 -121.94172157847726 -290.35483369693907 -977.7877890686732 -938.7483352314628 -290.35483369693907 -121.94172157847726 188.04692409083458 23.504642938054012
24.28448220093202 191.4325456212112 -123.72590438870381 -294.4922565058813 -987.1802806385809 -947.7011828149323 -294.4922565058813 -123.72590438870381 191.4325456212112 24.28448220093202
25.03928985188999 194.89365083373815 -125.60394906897139 -298.584368752717 -996.5605431095319 -956.641981186395 -298.584368752717 -125.60394906897139 194.89365083373815 25.03928985188999
25.76906684036736 198.43252200843634 -127.57775874141214 -302.63157719613116 -1005.9287385247437 -965.5708922078517 -302.63157719613116 -127.57775874141214 198.43252200843634 25.76906684036736
26.475100247505367 202.05008447367936 -129.64925374265175 -306.63419988686906 -1015.2850251045984 -974.4880738554584 -306.63419988686906 -129.64925374265175 202.05008447367936 26.475100247505367
27.16006352423836 205.74577783018646 -131.82034793010104 -310.5924613475669 -1024.629557376186 -983.3936803530376 -310.5924613475669 -131.82034793010104 205.74577783018646 27.16006352423836
27.828020443069207 209.5175199616633 -134.09292013228892 -314.5064891077942 -1033.9624862970988 -992.2878622996376 -314.5064891077942 -134.09292013228892 209.5175199616633 27.828020443069207
28.484322081359267 213.3617748691982 -136.46878159993088 -318.37631109260906 -1043.2839593738117 -1001.1707667914873 -318.37631109260906 -136.46878159993088 213.3617748691982 28.484322081359267
29.135401765379363 217.27371999414385 -138.9496404111115 -322.2018535052601 -1052.5941207749386 -1010.0425375386283 -322.2018535052601 -138.9496404111115 217.27371999414385 29.135401765379363
29.78848823169315 221.2474936360187 -141.5370639466457 -325.982938951159 -1061.893111439624 -1018.9033149765228 -325.982938951159 -141.5370639466457 221.2474936360187 29.78848823169315
